[INFO      ] 2023-06-14 19:32:03 HV000001: Hibernate Validator 8.0.0.Final
[INFO      ] 2023-06-14 19:32:03 Starting StreamApplication using Java 17.0.6 with PID 2364 (E:\workspace\Lilopop\stream\target\classes started by Administrator in E:\workspace\Lilopop)
[INFO      ] 2023-06-14 19:32:03 No active profile set, falling back to 1 default profile: "default"
[INFO      ] 2023-06-14 19:32:04 No bean named 'errorChannel' has been explicitly defined. Therefore, a default PublishSubscribeChannel will be created.
[INFO      ] 2023-06-14 19:32:04 No bean named 'integrationHeaderChannelRegistry' has been explicitly defined. Therefore, a default DefaultHeaderChannelRegistry will be created.
[INFO      ] 2023-06-14 19:32:04 Bean 'org.springframework.boot.autoconfigure.integration.IntegrationAutoConfiguration$IntegrationJmxConfiguration' of type [org.springframework.boot.autoconfigure.integration.IntegrationAutoConfiguration$IntegrationJmxConfiguration] is not eligible for getting processed by all BeanPostProcessors (for example: not eligible for auto-proxying)
[INFO      ] 2023-06-14 19:32:04 Bean 'org.springframework.cloud.stream.binder.rabbit.config.ExtendedBindingHandlerMappingsProviderConfiguration' of type [org.springframework.cloud.stream.binder.rabbit.config.ExtendedBindingHandlerMappingsProviderConfiguration] is not eligible for getting processed by all BeanPostProcessors (for example: not eligible for auto-proxying)
[INFO      ] 2023-06-14 19:32:04 Bean 'rabbitExtendedPropertiesDefaultMappingsProvider' of type [org.springframework.cloud.stream.binder.rabbit.config.ExtendedBindingHandlerMappingsProviderConfiguration$$Lambda$571/0x0000000800f53018] is not eligible for getting processed by all BeanPostProcessors (for example: not eligible for auto-proxying)
[INFO      ] 2023-06-14 19:32:04 Bean 'BindingHandlerAdvise' of type [org.springframework.cloud.stream.config.BindingHandlerAdvise] is not eligible for getting processed by all BeanPostProcessors (for example: not eligible for auto-proxying)
[INFO      ] 2023-06-14 19:32:04 Bean 'spelConverter' of type [org.springframework.cloud.stream.config.SpelExpressionConverterConfiguration$SpelConverter] is not eligible for getting processed by all BeanPostProcessors (for example: not eligible for auto-proxying)
[INFO      ] 2023-06-14 19:32:04 Bean 'spring.jmx-org.springframework.boot.autoconfigure.jmx.JmxProperties' of type [org.springframework.boot.autoconfigure.jmx.JmxProperties] is not eligible for getting processed by all BeanPostProcessors (for example: not eligible for auto-proxying)
[INFO      ] 2023-06-14 19:32:04 Bean 'org.springframework.boot.autoconfigure.jmx.JmxAutoConfiguration' of type [org.springframework.boot.autoconfigure.jmx.JmxAutoConfiguration] is not eligible for getting processed by all BeanPostProcessors (for example: not eligible for auto-proxying)
[INFO      ] 2023-06-14 19:32:04 Bean 'mbeanServer' of type [com.sun.jmx.mbeanserver.JmxMBeanServer] is not eligible for getting processed by all BeanPostProcessors (for example: not eligible for auto-proxying)
[INFO      ] 2023-06-14 19:32:04 Channel 'stream.logConsumer-in-0' has 1 subscriber(s).
[WARN      ] 2023-06-14 19:32:04 Using deprecated '-debug' fallback for parameter name resolution. Compile the affected code with '-parameters' instead or avoid its introspection: org.springframework.amqp.rabbit.core.RabbitAdmin
[INFO      ] 2023-06-14 19:32:04 Registering MessageChannel errorChannel
[INFO      ] 2023-06-14 19:32:04 Registering MessageChannel logConsumer-in-0
[INFO      ] 2023-06-14 19:32:04 Registering MessageChannel nullChannel
[INFO      ] 2023-06-14 19:32:04 Registering MessageHandler _org.springframework.integration.errorLogger
[INFO      ] 2023-06-14 19:32:04 Adding {logging-channel-adapter:_org.springframework.integration.errorLogger} as a subscriber to the 'errorChannel' channel
[INFO      ] 2023-06-14 19:32:04 Channel 'stream.errorChannel' has 1 subscriber(s).
[INFO      ] 2023-06-14 19:32:04 started bean '_org.springframework.integration.errorLogger'
[INFO      ] 2023-06-14 19:32:04 Netty started on port 9800
[INFO      ] 2023-06-14 19:32:04 Creating binder: rabbit
[INFO      ] 2023-06-14 19:32:04 Constructing binder child context for rabbit
[INFO      ] 2023-06-14 19:32:04 Caching the binder: rabbit
[INFO      ] 2023-06-14 19:32:04 declaring queue for inbound: log.logconsumer, bound to: log
[INFO      ] 2023-06-14 19:32:04 Attempting to connect to: [127.0.0.1:5672]
[INFO      ] 2023-06-14 19:32:04 Created new connection: rabbitConnectionFactory#11dcd42c:0/SimpleConnection@13e00016 [delegate=amqp://guest@127.0.0.1:5672/, localPort=57980]
[INFO      ] 2023-06-14 19:32:04 Channel 'rabbit-768413249.logConsumer-in-0.errors' has 1 subscriber(s).
[INFO      ] 2023-06-14 19:32:04 Channel 'rabbit-768413249.logConsumer-in-0.errors' has 2 subscriber(s).
[INFO      ] 2023-06-14 19:32:04 started bean 'inbound.log.logconsumer'
[INFO      ] 2023-06-14 19:32:04 Started StreamApplication in 1.356 seconds (process running for 1.807)
[ERROR     ] 2023-06-14 19:32:16 auth服务loginByUsername传入:username:666,password:777，执行结果为:失败
[ERROR     ] 2023-06-14 19:33:18 auth服务loginByUsername传入:username:666,password:777，执行结果为:失败
[ERROR     ] 2023-06-14 19:33:44 auth服务loginByUsername传入:username:666,password:777，执行结果为:失败
[ERROR     ] 2023-06-14 19:33:44 auth服务loginByUsername传入:username:666,password:777，执行结果为:失败
[ERROR     ] 2023-06-14 19:33:44 auth服务loginByUsername传入:username:666,password:777，执行结果为:失败
[ERROR     ] 2023-06-14 19:33:44 auth服务loginByUsername传入:username:666,password:777，执行结果为:失败
[ERROR     ] 2023-06-14 19:33:44 auth服务loginByUsername传入:username:666,password:777，执行结果为:失败
[ERROR     ] 2023-06-14 19:33:44 auth服务loginByUsername传入:username:666,password:777，执行结果为:失败
[ERROR     ] 2023-06-14 19:33:44 auth服务loginByUsername传入:username:666,password:777，执行结果为:失败
[ERROR     ] 2023-06-14 19:33:44 auth服务loginByUsername传入:username:666,password:777，执行结果为:失败
[ERROR     ] 2023-06-14 19:33:44 auth服务loginByUsername传入:username:666,password:777，执行结果为:失败
[ERROR     ] 2023-06-14 19:33:44 auth服务loginByUsername传入:username:666,password:777，执行结果为:失败
[ERROR     ] 2023-06-14 19:33:44 auth服务loginByUsername传入:username:666,password:777，执行结果为:失败
[ERROR     ] 2023-06-14 19:33:44 auth服务loginByUsername传入:username:666,password:777，执行结果为:失败
[ERROR     ] 2023-06-14 19:33:44 auth服务loginByUsername传入:username:666,password:777，执行结果为:失败
[ERROR     ] 2023-06-14 19:33:44 auth服务loginByUsername传入:username:666,password:777，执行结果为:失败
[ERROR     ] 2023-06-14 19:33:44 auth服务loginByUsername传入:username:666,password:777，执行结果为:失败
[ERROR     ] 2023-06-14 19:33:44 auth服务loginByUsername传入:username:666,password:777，执行结果为:失败
[ERROR     ] 2023-06-14 19:33:44 auth服务loginByUsername传入:username:666,password:777，执行结果为:失败
[ERROR     ] 2023-06-14 19:33:44 auth服务loginByUsername传入:username:666,password:777，执行结果为:失败
[ERROR     ] 2023-06-14 19:33:44 auth服务loginByUsername传入:username:666,password:777，执行结果为:失败
[ERROR     ] 2023-06-14 19:33:44 auth服务loginByUsername传入:username:666,password:777，执行结果为:失败
[ERROR     ] 2023-06-14 19:33:44 auth服务loginByUsername传入:username:666,password:777，执行结果为:失败
[ERROR     ] 2023-06-14 19:33:44 auth服务loginByUsername传入:username:666,password:777，执行结果为:失败
[ERROR     ] 2023-06-14 19:33:44 auth服务loginByUsername传入:username:666,password:777，执行结果为:失败
[ERROR     ] 2023-06-14 19:33:44 auth服务loginByUsername传入:username:666,password:777，执行结果为:失败
[ERROR     ] 2023-06-14 19:33:44 auth服务loginByUsername传入:username:666,password:777，执行结果为:失败
[ERROR     ] 2023-06-14 19:33:44 auth服务loginByUsername传入:username:666,password:777，执行结果为:失败
[ERROR     ] 2023-06-14 19:33:44 auth服务loginByUsername传入:username:666,password:777，执行结果为:失败
[ERROR     ] 2023-06-14 19:33:44 auth服务loginByUsername传入:username:666,password:777，执行结果为:失败
[ERROR     ] 2023-06-14 19:33:44 auth服务loginByUsername传入:username:666,password:777，执行结果为:失败
[ERROR     ] 2023-06-14 19:33:44 auth服务loginByUsername传入:username:666,password:777，执行结果为:失败
[ERROR     ] 2023-06-14 19:33:44 auth服务loginByUsername传入:username:666,password:777，执行结果为:失败
[ERROR     ] 2023-06-14 19:33:44 auth服务loginByUsername传入:username:666,password:777，执行结果为:失败
[ERROR     ] 2023-06-14 19:33:44 auth服务loginByUsername传入:username:666,password:777，执行结果为:失败
[ERROR     ] 2023-06-14 19:33:44 auth服务loginByUsername传入:username:666,password:777，执行结果为:失败
[ERROR     ] 2023-06-14 19:33:44 auth服务loginByUsername传入:username:666,password:777，执行结果为:失败
[ERROR     ] 2023-06-14 19:33:44 auth服务loginByUsername传入:username:666,password:777，执行结果为:失败
[ERROR     ] 2023-06-14 19:33:44 auth服务loginByUsername传入:username:666,password:777，执行结果为:失败
[ERROR     ] 2023-06-14 19:33:44 auth服务loginByUsername传入:username:666,password:777，执行结果为:失败
[ERROR     ] 2023-06-14 19:33:44 auth服务loginByUsername传入:username:666,password:777，执行结果为:失败
[ERROR     ] 2023-06-14 19:33:44 auth服务loginByUsername传入:username:666,password:777，执行结果为:失败
[ERROR     ] 2023-06-14 19:33:44 auth服务loginByUsername传入:username:666,password:777，执行结果为:失败
[ERROR     ] 2023-06-14 19:33:44 auth服务loginByUsername传入:username:666,password:777，执行结果为:失败
[ERROR     ] 2023-06-14 19:33:44 auth服务loginByUsername传入:username:666,password:777，执行结果为:失败
[ERROR     ] 2023-06-14 19:33:44 auth服务loginByUsername传入:username:666,password:777，执行结果为:失败
[ERROR     ] 2023-06-14 19:33:44 auth服务loginByUsername传入:username:666,password:777，执行结果为:失败
[ERROR     ] 2023-06-14 19:33:44 auth服务loginByUsername传入:username:666,password:777，执行结果为:失败
[ERROR     ] 2023-06-14 19:33:44 auth服务loginByUsername传入:username:666,password:777，执行结果为:失败
[ERROR     ] 2023-06-14 19:33:44 auth服务loginByUsername传入:username:666,password:777，执行结果为:失败
[ERROR     ] 2023-06-14 19:33:44 auth服务loginByUsername传入:username:666,password:777，执行结果为:失败
[ERROR     ] 2023-06-14 19:33:44 auth服务loginByUsername传入:username:666,password:777，执行结果为:失败
[ERROR     ] 2023-06-14 19:33:44 auth服务loginByUsername传入:username:666,password:777，执行结果为:失败
[ERROR     ] 2023-06-14 19:33:44 auth服务loginByUsername传入:username:666,password:777，执行结果为:失败
[ERROR     ] 2023-06-14 19:33:44 auth服务loginByUsername传入:username:666,password:777，执行结果为:失败
[ERROR     ] 2023-06-14 19:33:44 auth服务loginByUsername传入:username:666,password:777，执行结果为:失败
[ERROR     ] 2023-06-14 19:33:44 auth服务loginByUsername传入:username:666,password:777，执行结果为:失败
[ERROR     ] 2023-06-14 19:33:44 auth服务loginByUsername传入:username:666,password:777，执行结果为:失败
[ERROR     ] 2023-06-14 19:33:44 auth服务loginByUsername传入:username:666,password:777，执行结果为:失败
[ERROR     ] 2023-06-14 19:33:44 auth服务loginByUsername传入:username:666,password:777，执行结果为:失败
[ERROR     ] 2023-06-14 19:33:44 auth服务loginByUsername传入:username:666,password:777，执行结果为:失败
[ERROR     ] 2023-06-14 19:33:44 auth服务loginByUsername传入:username:666,password:777，执行结果为:失败
[ERROR     ] 2023-06-14 19:33:44 auth服务loginByUsername传入:username:666,password:777，执行结果为:失败
[ERROR     ] 2023-06-14 19:33:44 auth服务loginByUsername传入:username:666,password:777，执行结果为:失败
[ERROR     ] 2023-06-14 19:33:44 auth服务loginByUsername传入:username:666,password:777，执行结果为:失败
[ERROR     ] 2023-06-14 19:33:44 auth服务loginByUsername传入:username:666,password:777，执行结果为:失败
[ERROR     ] 2023-06-14 19:33:44 auth服务loginByUsername传入:username:666,password:777，执行结果为:失败
[ERROR     ] 2023-06-14 19:33:44 auth服务loginByUsername传入:username:666,password:777，执行结果为:失败
[ERROR     ] 2023-06-14 19:33:44 auth服务loginByUsername传入:username:666,password:777，执行结果为:失败
[ERROR     ] 2023-06-14 19:33:44 auth服务loginByUsername传入:username:666,password:777，执行结果为:失败
[ERROR     ] 2023-06-14 19:33:44 auth服务loginByUsername传入:username:666,password:777，执行结果为:失败
[ERROR     ] 2023-06-14 19:33:44 auth服务loginByUsername传入:username:666,password:777，执行结果为:失败
[ERROR     ] 2023-06-14 19:33:44 auth服务loginByUsername传入:username:666,password:777，执行结果为:失败
[ERROR     ] 2023-06-14 19:33:44 auth服务loginByUsername传入:username:666,password:777，执行结果为:失败
[ERROR     ] 2023-06-14 19:33:44 auth服务loginByUsername传入:username:666,password:777，执行结果为:失败
[ERROR     ] 2023-06-14 19:33:44 auth服务loginByUsername传入:username:666,password:777，执行结果为:失败
[ERROR     ] 2023-06-14 19:33:44 auth服务loginByUsername传入:username:666,password:777，执行结果为:失败
[ERROR     ] 2023-06-14 19:33:44 auth服务loginByUsername传入:username:666,password:777，执行结果为:失败
[ERROR     ] 2023-06-14 19:33:44 auth服务loginByUsername传入:username:666,password:777，执行结果为:失败
[ERROR     ] 2023-06-14 19:33:44 auth服务loginByUsername传入:username:666,password:777，执行结果为:失败
[ERROR     ] 2023-06-14 19:33:44 auth服务loginByUsername传入:username:666,password:777，执行结果为:失败
[ERROR     ] 2023-06-14 19:33:44 auth服务loginByUsername传入:username:666,password:777，执行结果为:失败
[ERROR     ] 2023-06-14 19:33:44 auth服务loginByUsername传入:username:666,password:777，执行结果为:失败
[ERROR     ] 2023-06-14 19:33:44 auth服务loginByUsername传入:username:666,password:777，执行结果为:失败
[ERROR     ] 2023-06-14 19:33:44 auth服务loginByUsername传入:username:666,password:777，执行结果为:失败
[ERROR     ] 2023-06-14 19:33:44 auth服务loginByUsername传入:username:666,password:777，执行结果为:失败
[ERROR     ] 2023-06-14 19:33:44 auth服务loginByUsername传入:username:666,password:777，执行结果为:失败
[ERROR     ] 2023-06-14 19:33:44 auth服务loginByUsername传入:username:666,password:777，执行结果为:失败
[ERROR     ] 2023-06-14 19:33:44 auth服务loginByUsername传入:username:666,password:777，执行结果为:失败
[ERROR     ] 2023-06-14 19:33:44 auth服务loginByUsername传入:username:666,password:777，执行结果为:失败
[ERROR     ] 2023-06-14 19:33:44 auth服务loginByUsername传入:username:666,password:777，执行结果为:失败
[ERROR     ] 2023-06-14 19:33:44 auth服务loginByUsername传入:username:666,password:777，执行结果为:失败
[ERROR     ] 2023-06-14 19:33:44 auth服务loginByUsername传入:username:666,password:777，执行结果为:失败
[ERROR     ] 2023-06-14 19:33:44 auth服务loginByUsername传入:username:666,password:777，执行结果为:失败
[ERROR     ] 2023-06-14 19:33:44 auth服务loginByUsername传入:username:666,password:777，执行结果为:失败
[ERROR     ] 2023-06-14 19:33:44 auth服务loginByUsername传入:username:666,password:777，执行结果为:失败
[ERROR     ] 2023-06-14 19:33:44 auth服务loginByUsername传入:username:666,password:777，执行结果为:失败
[ERROR     ] 2023-06-14 19:33:44 auth服务loginByUsername传入:username:666,password:777，执行结果为:失败
[ERROR     ] 2023-06-14 19:33:44 auth服务loginByUsername传入:username:666,password:777，执行结果为:失败
[ERROR     ] 2023-06-14 19:33:44 auth服务loginByUsername传入:username:666,password:777，执行结果为:失败
[ERROR     ] 2023-06-14 19:33:44 auth服务loginByUsername传入:username:666,password:777，执行结果为:失败
[ERROR     ] 2023-06-14 19:33:44 auth服务loginByUsername传入:username:666,password:777，执行结果为:失败
[ERROR     ] 2023-06-14 19:33:44 auth服务loginByUsername传入:username:666,password:777，执行结果为:失败
[ERROR     ] 2023-06-14 19:33:44 auth服务loginByUsername传入:username:666,password:777，执行结果为:失败
[ERROR     ] 2023-06-14 19:33:44 auth服务loginByUsername传入:username:666,password:777，执行结果为:失败
[ERROR     ] 2023-06-14 19:33:44 auth服务loginByUsername传入:username:666,password:777，执行结果为:失败
[ERROR     ] 2023-06-14 19:33:44 auth服务loginByUsername传入:username:666,password:777，执行结果为:失败
[ERROR     ] 2023-06-14 19:33:44 auth服务loginByUsername传入:username:666,password:777，执行结果为:失败
[ERROR     ] 2023-06-14 19:33:44 auth服务loginByUsername传入:username:666,password:777，执行结果为:失败
[ERROR     ] 2023-06-14 19:33:44 auth服务loginByUsername传入:username:666,password:777，执行结果为:失败
[ERROR     ] 2023-06-14 19:33:44 auth服务loginByUsername传入:username:666,password:777，执行结果为:失败
[ERROR     ] 2023-06-14 19:33:44 auth服务loginByUsername传入:username:666,password:777，执行结果为:失败
[ERROR     ] 2023-06-14 19:33:44 auth服务loginByUsername传入:username:666,password:777，执行结果为:失败
[ERROR     ] 2023-06-14 19:33:44 auth服务loginByUsername传入:username:666,password:777，执行结果为:失败
[ERROR     ] 2023-06-14 19:33:44 auth服务loginByUsername传入:username:666,password:777，执行结果为:失败
[ERROR     ] 2023-06-14 19:33:44 auth服务loginByUsername传入:username:666,password:777，执行结果为:失败
[ERROR     ] 2023-06-14 19:33:44 auth服务loginByUsername传入:username:666,password:777，执行结果为:失败
[ERROR     ] 2023-06-14 19:33:44 auth服务loginByUsername传入:username:666,password:777，执行结果为:失败
[ERROR     ] 2023-06-14 19:33:44 auth服务loginByUsername传入:username:666,password:777，执行结果为:失败
[ERROR     ] 2023-06-14 19:33:44 auth服务loginByUsername传入:username:666,password:777，执行结果为:失败
[ERROR     ] 2023-06-14 19:33:44 auth服务loginByUsername传入:username:666,password:777，执行结果为:失败
[ERROR     ] 2023-06-14 19:33:44 auth服务loginByUsername传入:username:666,password:777，执行结果为:失败
[ERROR     ] 2023-06-14 19:33:44 auth服务loginByUsername传入:username:666,password:777，执行结果为:失败
[ERROR     ] 2023-06-14 19:33:44 auth服务loginByUsername传入:username:666,password:777，执行结果为:失败
[ERROR     ] 2023-06-14 19:33:44 auth服务loginByUsername传入:username:666,password:777，执行结果为:失败
[ERROR     ] 2023-06-14 19:33:44 auth服务loginByUsername传入:username:666,password:777，执行结果为:失败
[ERROR     ] 2023-06-14 19:33:44 auth服务loginByUsername传入:username:666,password:777，执行结果为:失败
[ERROR     ] 2023-06-14 19:33:44 auth服务loginByUsername传入:username:666,password:777，执行结果为:失败
[ERROR     ] 2023-06-14 19:33:44 auth服务loginByUsername传入:username:666,password:777，执行结果为:失败
[ERROR     ] 2023-06-14 19:33:44 auth服务loginByUsername传入:username:666,password:777，执行结果为:失败
[ERROR     ] 2023-06-14 19:33:44 auth服务loginByUsername传入:username:666,password:777，执行结果为:失败
[ERROR     ] 2023-06-14 19:33:44 auth服务loginByUsername传入:username:666,password:777，执行结果为:失败
[ERROR     ] 2023-06-14 19:33:44 auth服务loginByUsername传入:username:666,password:777，执行结果为:失败
[ERROR     ] 2023-06-14 19:33:44 auth服务loginByUsername传入:username:666,password:777，执行结果为:失败
[ERROR     ] 2023-06-14 19:33:44 auth服务loginByUsername传入:username:666,password:777，执行结果为:失败
[ERROR     ] 2023-06-14 19:33:44 auth服务loginByUsername传入:username:666,password:777，执行结果为:失败
[ERROR     ] 2023-06-14 19:33:44 auth服务loginByUsername传入:username:666,password:777，执行结果为:失败
[ERROR     ] 2023-06-14 19:33:44 auth服务loginByUsername传入:username:666,password:777，执行结果为:失败
[ERROR     ] 2023-06-14 19:33:44 auth服务loginByUsername传入:username:666,password:777，执行结果为:失败
[ERROR     ] 2023-06-14 19:33:44 auth服务loginByUsername传入:username:666,password:777，执行结果为:失败
[ERROR     ] 2023-06-14 19:33:44 auth服务loginByUsername传入:username:666,password:777，执行结果为:失败
[ERROR     ] 2023-06-14 19:33:44 auth服务loginByUsername传入:username:666,password:777，执行结果为:失败
[ERROR     ] 2023-06-14 19:33:44 auth服务loginByUsername传入:username:666,password:777，执行结果为:失败
[ERROR     ] 2023-06-14 19:33:44 auth服务loginByUsername传入:username:666,password:777，执行结果为:失败
[ERROR     ] 2023-06-14 19:33:44 auth服务loginByUsername传入:username:666,password:777，执行结果为:失败
[ERROR     ] 2023-06-14 19:33:44 auth服务loginByUsername传入:username:666,password:777，执行结果为:失败
[ERROR     ] 2023-06-14 19:33:44 auth服务loginByUsername传入:username:666,password:777，执行结果为:失败
[ERROR     ] 2023-06-14 19:33:44 auth服务loginByUsername传入:username:666,password:777，执行结果为:失败
[ERROR     ] 2023-06-14 19:33:44 auth服务loginByUsername传入:username:666,password:777，执行结果为:失败
[ERROR     ] 2023-06-14 19:33:44 auth服务loginByUsername传入:username:666,password:777，执行结果为:失败
[ERROR     ] 2023-06-14 19:33:44 auth服务loginByUsername传入:username:666,password:777，执行结果为:失败
[ERROR     ] 2023-06-14 19:33:44 auth服务loginByUsername传入:username:666,password:777，执行结果为:失败
[ERROR     ] 2023-06-14 19:33:44 auth服务loginByUsername传入:username:666,password:777，执行结果为:失败
[ERROR     ] 2023-06-14 19:33:44 auth服务loginByUsername传入:username:666,password:777，执行结果为:失败
[ERROR     ] 2023-06-14 19:33:44 auth服务loginByUsername传入:username:666,password:777，执行结果为:失败
[ERROR     ] 2023-06-14 19:33:44 auth服务loginByUsername传入:username:666,password:777，执行结果为:失败
[ERROR     ] 2023-06-14 19:33:44 auth服务loginByUsername传入:username:666,password:777，执行结果为:失败
[ERROR     ] 2023-06-14 19:33:44 auth服务loginByUsername传入:username:666,password:777，执行结果为:失败
[ERROR     ] 2023-06-14 19:33:44 auth服务loginByUsername传入:username:666,password:777，执行结果为:失败
[ERROR     ] 2023-06-14 19:33:44 auth服务loginByUsername传入:username:666,password:777，执行结果为:失败
[ERROR     ] 2023-06-14 19:33:44 auth服务loginByUsername传入:username:666,password:777，执行结果为:失败
[ERROR     ] 2023-06-14 19:33:44 auth服务loginByUsername传入:username:666,password:777，执行结果为:失败
[ERROR     ] 2023-06-14 19:33:44 auth服务loginByUsername传入:username:666,password:777，执行结果为:失败
[ERROR     ] 2023-06-14 19:33:44 auth服务loginByUsername传入:username:666,password:777，执行结果为:失败
[ERROR     ] 2023-06-14 19:33:44 auth服务loginByUsername传入:username:666,password:777，执行结果为:失败
[ERROR     ] 2023-06-14 19:33:44 auth服务loginByUsername传入:username:666,password:777，执行结果为:失败
[ERROR     ] 2023-06-14 19:33:44 auth服务loginByUsername传入:username:666,password:777，执行结果为:失败
[ERROR     ] 2023-06-14 19:33:44 auth服务loginByUsername传入:username:666,password:777，执行结果为:失败
[ERROR     ] 2023-06-14 19:33:44 auth服务loginByUsername传入:username:666,password:777，执行结果为:失败
[ERROR     ] 2023-06-14 19:33:44 auth服务loginByUsername传入:username:666,password:777，执行结果为:失败
[ERROR     ] 2023-06-14 19:33:44 auth服务loginByUsername传入:username:666,password:777，执行结果为:失败
[ERROR     ] 2023-06-14 19:33:44 auth服务loginByUsername传入:username:666,password:777，执行结果为:失败
[ERROR     ] 2023-06-14 19:33:44 auth服务loginByUsername传入:username:666,password:777，执行结果为:失败
[ERROR     ] 2023-06-14 19:33:44 auth服务loginByUsername传入:username:666,password:777，执行结果为:失败
[ERROR     ] 2023-06-14 19:33:44 auth服务loginByUsername传入:username:666,password:777，执行结果为:失败
[ERROR     ] 2023-06-14 19:33:44 auth服务loginByUsername传入:username:666,password:777，执行结果为:失败
[ERROR     ] 2023-06-14 19:33:44 auth服务loginByUsername传入:username:666,password:777，执行结果为:失败
[ERROR     ] 2023-06-14 19:33:44 auth服务loginByUsername传入:username:666,password:777，执行结果为:失败
[ERROR     ] 2023-06-14 19:33:44 auth服务loginByUsername传入:username:666,password:777，执行结果为:失败
[ERROR     ] 2023-06-14 19:33:44 auth服务loginByUsername传入:username:666,password:777，执行结果为:失败
[ERROR     ] 2023-06-14 19:33:44 auth服务loginByUsername传入:username:666,password:777，执行结果为:失败
[ERROR     ] 2023-06-14 19:33:44 auth服务loginByUsername传入:username:666,password:777，执行结果为:失败
[ERROR     ] 2023-06-14 19:33:44 auth服务loginByUsername传入:username:666,password:777，执行结果为:失败
[ERROR     ] 2023-06-14 19:33:44 auth服务loginByUsername传入:username:666,password:777，执行结果为:失败
[ERROR     ] 2023-06-14 19:33:44 auth服务loginByUsername传入:username:666,password:777，执行结果为:失败
[ERROR     ] 2023-06-14 19:33:44 auth服务loginByUsername传入:username:666,password:777，执行结果为:失败
[ERROR     ] 2023-06-14 19:33:44 auth服务loginByUsername传入:username:666,password:777，执行结果为:失败
[ERROR     ] 2023-06-14 19:33:44 auth服务loginByUsername传入:username:666,password:777，执行结果为:失败
[ERROR     ] 2023-06-14 19:33:44 auth服务loginByUsername传入:username:666,password:777，执行结果为:失败
[ERROR     ] 2023-06-14 19:33:44 auth服务loginByUsername传入:username:666,password:777，执行结果为:失败
[ERROR     ] 2023-06-14 19:33:44 auth服务loginByUsername传入:username:666,password:777，执行结果为:失败
[ERROR     ] 2023-06-14 19:33:44 auth服务loginByUsername传入:username:666,password:777，执行结果为:失败
[ERROR     ] 2023-06-14 19:33:44 auth服务loginByUsername传入:username:666,password:777，执行结果为:失败
[ERROR     ] 2023-06-14 19:33:44 auth服务loginByUsername传入:username:666,password:777，执行结果为:失败
[ERROR     ] 2023-06-14 19:33:44 auth服务loginByUsername传入:username:666,password:777，执行结果为:失败
[ERROR     ] 2023-06-14 19:33:44 auth服务loginByUsername传入:username:666,password:777，执行结果为:失败
[ERROR     ] 2023-06-14 19:33:44 auth服务loginByUsername传入:username:666,password:777，执行结果为:失败
[ERROR     ] 2023-06-14 19:33:44 auth服务loginByUsername传入:username:666,password:777，执行结果为:失败
[ERROR     ] 2023-06-14 19:33:44 auth服务loginByUsername传入:username:666,password:777，执行结果为:失败
[ERROR     ] 2023-06-14 19:33:44 auth服务loginByUsername传入:username:666,password:777，执行结果为:失败
[ERROR     ] 2023-06-14 19:33:44 auth服务loginByUsername传入:username:666,password:777，执行结果为:失败
[ERROR     ] 2023-06-14 19:33:44 auth服务loginByUsername传入:username:666,password:777，执行结果为:失败
[ERROR     ] 2023-06-14 19:33:44 auth服务loginByUsername传入:username:666,password:777，执行结果为:失败
[ERROR     ] 2023-06-14 19:33:44 auth服务loginByUsername传入:username:666,password:777，执行结果为:失败
[ERROR     ] 2023-06-14 19:33:44 auth服务loginByUsername传入:username:666,password:777，执行结果为:失败
[ERROR     ] 2023-06-14 19:33:44 auth服务loginByUsername传入:username:666,password:777，执行结果为:失败
[ERROR     ] 2023-06-14 19:33:44 auth服务loginByUsername传入:username:666,password:777，执行结果为:失败
[ERROR     ] 2023-06-14 19:33:44 auth服务loginByUsername传入:username:666,password:777，执行结果为:失败
[ERROR     ] 2023-06-14 19:33:44 auth服务loginByUsername传入:username:666,password:777，执行结果为:失败
[ERROR     ] 2023-06-14 19:33:44 auth服务loginByUsername传入:username:666,password:777，执行结果为:失败
[ERROR     ] 2023-06-14 19:33:44 auth服务loginByUsername传入:username:666,password:777，执行结果为:失败
[ERROR     ] 2023-06-14 19:33:44 auth服务loginByUsername传入:username:666,password:777，执行结果为:失败
[ERROR     ] 2023-06-14 19:33:44 auth服务loginByUsername传入:username:666,password:777，执行结果为:失败
[ERROR     ] 2023-06-14 19:33:44 auth服务loginByUsername传入:username:666,password:777，执行结果为:失败
[ERROR     ] 2023-06-14 19:33:44 auth服务loginByUsername传入:username:666,password:777，执行结果为:失败
[ERROR     ] 2023-06-14 19:33:44 auth服务loginByUsername传入:username:666,password:777，执行结果为:失败
[ERROR     ] 2023-06-14 19:33:44 auth服务loginByUsername传入:username:666,password:777，执行结果为:失败
[ERROR     ] 2023-06-14 19:33:44 auth服务loginByUsername传入:username:666,password:777，执行结果为:失败
[ERROR     ] 2023-06-14 19:33:44 auth服务loginByUsername传入:username:666,password:777，执行结果为:失败
[ERROR     ] 2023-06-14 19:33:44 auth服务loginByUsername传入:username:666,password:777，执行结果为:失败
[ERROR     ] 2023-06-14 19:33:44 auth服务loginByUsername传入:username:666,password:777，执行结果为:失败
[ERROR     ] 2023-06-14 19:33:44 auth服务loginByUsername传入:username:666,password:777，执行结果为:失败
[ERROR     ] 2023-06-14 19:33:44 auth服务loginByUsername传入:username:666,password:777，执行结果为:失败
[ERROR     ] 2023-06-14 19:33:44 auth服务loginByUsername传入:username:666,password:777，执行结果为:失败
[ERROR     ] 2023-06-14 19:33:44 auth服务loginByUsername传入:username:666,password:777，执行结果为:失败
[ERROR     ] 2023-06-14 19:33:44 auth服务loginByUsername传入:username:666,password:777，执行结果为:失败
[ERROR     ] 2023-06-14 19:33:44 auth服务loginByUsername传入:username:666,password:777，执行结果为:失败
[ERROR     ] 2023-06-14 19:33:44 auth服务loginByUsername传入:username:666,password:777，执行结果为:失败
[ERROR     ] 2023-06-14 19:33:44 auth服务loginByUsername传入:username:666,password:777，执行结果为:失败
[ERROR     ] 2023-06-14 19:33:44 auth服务loginByUsername传入:username:666,password:777，执行结果为:失败
[ERROR     ] 2023-06-14 19:33:44 auth服务loginByUsername传入:username:666,password:777，执行结果为:失败
[ERROR     ] 2023-06-14 19:33:44 auth服务loginByUsername传入:username:666,password:777，执行结果为:失败
[ERROR     ] 2023-06-14 19:33:44 auth服务loginByUsername传入:username:666,password:777，执行结果为:失败
[ERROR     ] 2023-06-14 19:33:44 auth服务loginByUsername传入:username:666,password:777，执行结果为:失败
[ERROR     ] 2023-06-14 19:33:44 auth服务loginByUsername传入:username:666,password:777，执行结果为:失败
[ERROR     ] 2023-06-14 19:33:44 auth服务loginByUsername传入:username:666,password:777，执行结果为:失败
[ERROR     ] 2023-06-14 19:33:44 auth服务loginByUsername传入:username:666,password:777，执行结果为:失败
[ERROR     ] 2023-06-14 19:33:44 auth服务loginByUsername传入:username:666,password:777，执行结果为:失败
[ERROR     ] 2023-06-14 19:33:44 auth服务loginByUsername传入:username:666,password:777，执行结果为:失败
[ERROR     ] 2023-06-14 19:33:44 auth服务loginByUsername传入:username:666,password:777，执行结果为:失败
[ERROR     ] 2023-06-14 19:33:44 auth服务loginByUsername传入:username:666,password:777，执行结果为:失败
[ERROR     ] 2023-06-14 19:33:44 auth服务loginByUsername传入:username:666,password:777，执行结果为:失败
[ERROR     ] 2023-06-14 19:33:44 auth服务loginByUsername传入:username:666,password:777，执行结果为:失败
[ERROR     ] 2023-06-14 19:33:44 auth服务loginByUsername传入:username:666,password:777，执行结果为:失败
[ERROR     ] 2023-06-14 19:33:44 auth服务loginByUsername传入:username:666,password:777，执行结果为:失败
[ERROR     ] 2023-06-14 19:33:44 auth服务loginByUsername传入:username:666,password:777，执行结果为:失败
[ERROR     ] 2023-06-14 19:33:44 auth服务loginByUsername传入:username:666,password:777，执行结果为:失败
[ERROR     ] 2023-06-14 19:33:44 auth服务loginByUsername传入:username:666,password:777，执行结果为:失败
[ERROR     ] 2023-06-14 19:33:44 auth服务loginByUsername传入:username:666,password:777，执行结果为:失败
[ERROR     ] 2023-06-14 19:33:44 auth服务loginByUsername传入:username:666,password:777，执行结果为:失败
[ERROR     ] 2023-06-14 19:33:44 auth服务loginByUsername传入:username:666,password:777，执行结果为:失败
[ERROR     ] 2023-06-14 19:33:44 auth服务loginByUsername传入:username:666,password:777，执行结果为:失败
[ERROR     ] 2023-06-14 19:33:44 auth服务loginByUsername传入:username:666,password:777，执行结果为:失败
[ERROR     ] 2023-06-14 19:33:44 auth服务loginByUsername传入:username:666,password:777，执行结果为:失败
[ERROR     ] 2023-06-14 19:33:44 auth服务loginByUsername传入:username:666,password:777，执行结果为:失败
[ERROR     ] 2023-06-14 19:33:44 auth服务loginByUsername传入:username:666,password:777，执行结果为:失败
[ERROR     ] 2023-06-14 19:33:44 auth服务loginByUsername传入:username:666,password:777，执行结果为:失败
[ERROR     ] 2023-06-14 19:33:44 auth服务loginByUsername传入:username:666,password:777，执行结果为:失败
[ERROR     ] 2023-06-14 19:33:44 auth服务loginByUsername传入:username:666,password:777，执行结果为:失败
[ERROR     ] 2023-06-14 19:33:44 auth服务loginByUsername传入:username:666,password:777，执行结果为:失败
[ERROR     ] 2023-06-14 19:33:44 auth服务loginByUsername传入:username:666,password:777，执行结果为:失败
[ERROR     ] 2023-06-14 19:33:44 auth服务loginByUsername传入:username:666,password:777，执行结果为:失败
[ERROR     ] 2023-06-14 19:33:44 auth服务loginByUsername传入:username:666,password:777，执行结果为:失败
[ERROR     ] 2023-06-14 19:33:44 auth服务loginByUsername传入:username:666,password:777，执行结果为:失败
[ERROR     ] 2023-06-14 19:33:44 auth服务loginByUsername传入:username:666,password:777，执行结果为:失败
[ERROR     ] 2023-06-14 19:33:44 auth服务loginByUsername传入:username:666,password:777，执行结果为:失败
[ERROR     ] 2023-06-14 19:33:44 auth服务loginByUsername传入:username:666,password:777，执行结果为:失败
[ERROR     ] 2023-06-14 19:33:44 auth服务loginByUsername传入:username:666,password:777，执行结果为:失败
[ERROR     ] 2023-06-14 19:33:44 auth服务loginByUsername传入:username:666,password:777，执行结果为:失败
[ERROR     ] 2023-06-14 19:33:44 auth服务loginByUsername传入:username:666,password:777，执行结果为:失败
[ERROR     ] 2023-06-14 19:33:44 auth服务loginByUsername传入:username:666,password:777，执行结果为:失败
[ERROR     ] 2023-06-14 19:33:44 auth服务loginByUsername传入:username:666,password:777，执行结果为:失败
[ERROR     ] 2023-06-14 19:33:44 auth服务loginByUsername传入:username:666,password:777，执行结果为:失败
[ERROR     ] 2023-06-14 19:33:44 auth服务loginByUsername传入:username:666,password:777，执行结果为:失败
[ERROR     ] 2023-06-14 19:33:44 auth服务loginByUsername传入:username:666,password:777，执行结果为:失败
[ERROR     ] 2023-06-14 19:33:44 auth服务loginByUsername传入:username:666,password:777，执行结果为:失败
[ERROR     ] 2023-06-14 19:33:44 auth服务loginByUsername传入:username:666,password:777，执行结果为:失败
[ERROR     ] 2023-06-14 19:33:44 auth服务loginByUsername传入:username:666,password:777，执行结果为:失败
[ERROR     ] 2023-06-14 19:33:44 auth服务loginByUsername传入:username:666,password:777，执行结果为:失败
[ERROR     ] 2023-06-14 19:33:44 auth服务loginByUsername传入:username:666,password:777，执行结果为:失败
[ERROR     ] 2023-06-14 19:33:44 auth服务loginByUsername传入:username:666,password:777，执行结果为:失败
[ERROR     ] 2023-06-14 19:33:44 auth服务loginByUsername传入:username:666,password:777，执行结果为:失败
[ERROR     ] 2023-06-14 19:33:44 auth服务loginByUsername传入:username:666,password:777，执行结果为:失败
[ERROR     ] 2023-06-14 19:33:44 auth服务loginByUsername传入:username:666,password:777，执行结果为:失败
[ERROR     ] 2023-06-14 19:33:44 auth服务loginByUsername传入:username:666,password:777，执行结果为:失败
[ERROR     ] 2023-06-14 19:33:44 auth服务loginByUsername传入:username:666,password:777，执行结果为:失败
[ERROR     ] 2023-06-14 19:33:44 auth服务loginByUsername传入:username:666,password:777，执行结果为:失败
[ERROR     ] 2023-06-14 19:33:44 auth服务loginByUsername传入:username:666,password:777，执行结果为:失败
[ERROR     ] 2023-06-14 19:33:44 auth服务loginByUsername传入:username:666,password:777，执行结果为:失败
[ERROR     ] 2023-06-14 19:33:44 auth服务loginByUsername传入:username:666,password:777，执行结果为:失败
[ERROR     ] 2023-06-14 19:33:44 auth服务loginByUsername传入:username:666,password:777，执行结果为:失败
[ERROR     ] 2023-06-14 19:33:44 auth服务loginByUsername传入:username:666,password:777，执行结果为:失败
[ERROR     ] 2023-06-14 19:33:44 auth服务loginByUsername传入:username:666,password:777，执行结果为:失败
[ERROR     ] 2023-06-14 19:33:44 auth服务loginByUsername传入:username:666,password:777，执行结果为:失败
[ERROR     ] 2023-06-14 19:33:44 auth服务loginByUsername传入:username:666,password:777，执行结果为:失败
[ERROR     ] 2023-06-14 19:33:44 auth服务loginByUsername传入:username:666,password:777，执行结果为:失败
[ERROR     ] 2023-06-14 19:33:44 auth服务loginByUsername传入:username:666,password:777，执行结果为:失败
[ERROR     ] 2023-06-14 19:33:44 auth服务loginByUsername传入:username:666,password:777，执行结果为:失败
[ERROR     ] 2023-06-14 19:33:44 auth服务loginByUsername传入:username:666,password:777，执行结果为:失败
[ERROR     ] 2023-06-14 19:33:44 auth服务loginByUsername传入:username:666,password:777，执行结果为:失败
[ERROR     ] 2023-06-14 19:33:44 auth服务loginByUsername传入:username:666,password:777，执行结果为:失败
[ERROR     ] 2023-06-14 19:33:44 auth服务loginByUsername传入:username:666,password:777，执行结果为:失败
[ERROR     ] 2023-06-14 19:33:44 auth服务loginByUsername传入:username:666,password:777，执行结果为:失败
[ERROR     ] 2023-06-14 19:33:44 auth服务loginByUsername传入:username:666,password:777，执行结果为:失败
[ERROR     ] 2023-06-14 19:33:44 auth服务loginByUsername传入:username:666,password:777，执行结果为:失败
[ERROR     ] 2023-06-14 19:33:44 auth服务loginByUsername传入:username:666,password:777，执行结果为:失败
[ERROR     ] 2023-06-14 19:33:44 auth服务loginByUsername传入:username:666,password:777，执行结果为:失败
[ERROR     ] 2023-06-14 19:33:44 auth服务loginByUsername传入:username:666,password:777，执行结果为:失败
[ERROR     ] 2023-06-14 19:33:44 auth服务loginByUsername传入:username:666,password:777，执行结果为:失败
[ERROR     ] 2023-06-14 19:33:44 auth服务loginByUsername传入:username:666,password:777，执行结果为:失败
[ERROR     ] 2023-06-14 19:33:44 auth服务loginByUsername传入:username:666,password:777，执行结果为:失败
[ERROR     ] 2023-06-14 19:33:44 auth服务loginByUsername传入:username:666,password:777，执行结果为:失败
[ERROR     ] 2023-06-14 19:33:44 auth服务loginByUsername传入:username:666,password:777，执行结果为:失败
[ERROR     ] 2023-06-14 19:33:44 auth服务loginByUsername传入:username:666,password:777，执行结果为:失败
[ERROR     ] 2023-06-14 19:33:44 auth服务loginByUsername传入:username:666,password:777，执行结果为:失败
[ERROR     ] 2023-06-14 19:33:44 auth服务loginByUsername传入:username:666,password:777，执行结果为:失败
[ERROR     ] 2023-06-14 19:33:44 auth服务loginByUsername传入:username:666,password:777，执行结果为:失败
[ERROR     ] 2023-06-14 19:33:44 auth服务loginByUsername传入:username:666,password:777，执行结果为:失败
[ERROR     ] 2023-06-14 19:33:44 auth服务loginByUsername传入:username:666,password:777，执行结果为:失败
[ERROR     ] 2023-06-14 19:33:44 auth服务loginByUsername传入:username:666,password:777，执行结果为:失败
[ERROR     ] 2023-06-14 19:33:44 auth服务loginByUsername传入:username:666,password:777，执行结果为:失败
[ERROR     ] 2023-06-14 19:33:44 auth服务loginByUsername传入:username:666,password:777，执行结果为:失败
[ERROR     ] 2023-06-14 19:33:44 auth服务loginByUsername传入:username:666,password:777，执行结果为:失败
[ERROR     ] 2023-06-14 19:33:44 auth服务loginByUsername传入:username:666,password:777，执行结果为:失败
[ERROR     ] 2023-06-14 19:33:44 auth服务loginByUsername传入:username:666,password:777，执行结果为:失败
[ERROR     ] 2023-06-14 19:33:44 auth服务loginByUsername传入:username:666,password:777，执行结果为:失败
[ERROR     ] 2023-06-14 19:33:44 auth服务loginByUsername传入:username:666,password:777，执行结果为:失败
[ERROR     ] 2023-06-14 19:33:44 auth服务loginByUsername传入:username:666,password:777，执行结果为:失败
[ERROR     ] 2023-06-14 19:33:44 auth服务loginByUsername传入:username:666,password:777，执行结果为:失败
[ERROR     ] 2023-06-14 19:33:44 auth服务loginByUsername传入:username:666,password:777，执行结果为:失败
[ERROR     ] 2023-06-14 19:33:44 auth服务loginByUsername传入:username:666,password:777，执行结果为:失败
[ERROR     ] 2023-06-14 19:33:44 auth服务loginByUsername传入:username:666,password:777，执行结果为:失败
[ERROR     ] 2023-06-14 19:33:44 auth服务loginByUsername传入:username:666,password:777，执行结果为:失败
[ERROR     ] 2023-06-14 19:33:44 auth服务loginByUsername传入:username:666,password:777，执行结果为:失败
[ERROR     ] 2023-06-14 19:33:44 auth服务loginByUsername传入:username:666,password:777，执行结果为:失败
[ERROR     ] 2023-06-14 19:33:44 auth服务loginByUsername传入:username:666,password:777，执行结果为:失败
[ERROR     ] 2023-06-14 19:33:44 auth服务loginByUsername传入:username:666,password:777，执行结果为:失败
[ERROR     ] 2023-06-14 19:33:44 auth服务loginByUsername传入:username:666,password:777，执行结果为:失败
[ERROR     ] 2023-06-14 19:33:44 auth服务loginByUsername传入:username:666,password:777，执行结果为:失败
[ERROR     ] 2023-06-14 19:33:44 auth服务loginByUsername传入:username:666,password:777，执行结果为:失败
[ERROR     ] 2023-06-14 19:33:44 auth服务loginByUsername传入:username:666,password:777，执行结果为:失败
[ERROR     ] 2023-06-14 19:33:44 auth服务loginByUsername传入:username:666,password:777，执行结果为:失败
[ERROR     ] 2023-06-14 19:33:44 auth服务loginByUsername传入:username:666,password:777，执行结果为:失败
[ERROR     ] 2023-06-14 19:33:44 auth服务loginByUsername传入:username:666,password:777，执行结果为:失败
[ERROR     ] 2023-06-14 19:33:44 auth服务loginByUsername传入:username:666,password:777，执行结果为:失败
[ERROR     ] 2023-06-14 19:33:44 auth服务loginByUsername传入:username:666,password:777，执行结果为:失败
[ERROR     ] 2023-06-14 19:33:44 auth服务loginByUsername传入:username:666,password:777，执行结果为:失败
[ERROR     ] 2023-06-14 19:33:44 auth服务loginByUsername传入:username:666,password:777，执行结果为:失败
[ERROR     ] 2023-06-14 19:33:44 auth服务loginByUsername传入:username:666,password:777，执行结果为:失败
[ERROR     ] 2023-06-14 19:33:44 auth服务loginByUsername传入:username:666,password:777，执行结果为:失败
[ERROR     ] 2023-06-14 19:33:44 auth服务loginByUsername传入:username:666,password:777，执行结果为:失败
[ERROR     ] 2023-06-14 19:33:44 auth服务loginByUsername传入:username:666,password:777，执行结果为:失败
[ERROR     ] 2023-06-14 19:33:44 auth服务loginByUsername传入:username:666,password:777，执行结果为:失败
[ERROR     ] 2023-06-14 19:33:44 auth服务loginByUsername传入:username:666,password:777，执行结果为:失败
[ERROR     ] 2023-06-14 19:33:44 auth服务loginByUsername传入:username:666,password:777，执行结果为:失败
[ERROR     ] 2023-06-14 19:33:44 auth服务loginByUsername传入:username:666,password:777，执行结果为:失败
[ERROR     ] 2023-06-14 19:33:44 auth服务loginByUsername传入:username:666,password:777，执行结果为:失败
[ERROR     ] 2023-06-14 19:33:44 auth服务loginByUsername传入:username:666,password:777，执行结果为:失败
[ERROR     ] 2023-06-14 19:33:44 auth服务loginByUsername传入:username:666,password:777，执行结果为:失败
[ERROR     ] 2023-06-14 19:33:44 auth服务loginByUsername传入:username:666,password:777，执行结果为:失败
[ERROR     ] 2023-06-14 19:33:44 auth服务loginByUsername传入:username:666,password:777，执行结果为:失败
[ERROR     ] 2023-06-14 19:33:44 auth服务loginByUsername传入:username:666,password:777，执行结果为:失败
[ERROR     ] 2023-06-14 19:33:44 auth服务loginByUsername传入:username:666,password:777，执行结果为:失败
[ERROR     ] 2023-06-14 19:33:44 auth服务loginByUsername传入:username:666,password:777，执行结果为:失败
[ERROR     ] 2023-06-14 19:33:44 auth服务loginByUsername传入:username:666,password:777，执行结果为:失败
[ERROR     ] 2023-06-14 19:33:44 auth服务loginByUsername传入:username:666,password:777，执行结果为:失败
[ERROR     ] 2023-06-14 19:33:44 auth服务loginByUsername传入:username:666,password:777，执行结果为:失败
[ERROR     ] 2023-06-14 19:33:44 auth服务loginByUsername传入:username:666,password:777，执行结果为:失败
[ERROR     ] 2023-06-14 19:33:44 auth服务loginByUsername传入:username:666,password:777，执行结果为:失败
[ERROR     ] 2023-06-14 19:33:44 auth服务loginByUsername传入:username:666,password:777，执行结果为:失败
[ERROR     ] 2023-06-14 19:33:44 auth服务loginByUsername传入:username:666,password:777，执行结果为:失败
[ERROR     ] 2023-06-14 19:33:44 auth服务loginByUsername传入:username:666,password:777，执行结果为:失败
[ERROR     ] 2023-06-14 19:33:44 auth服务loginByUsername传入:username:666,password:777，执行结果为:失败
[ERROR     ] 2023-06-14 19:33:44 auth服务loginByUsername传入:username:666,password:777，执行结果为:失败
[ERROR     ] 2023-06-14 19:33:44 auth服务loginByUsername传入:username:666,password:777，执行结果为:失败
[ERROR     ] 2023-06-14 19:33:44 auth服务loginByUsername传入:username:666,password:777，执行结果为:失败
[ERROR     ] 2023-06-14 19:33:44 auth服务loginByUsername传入:username:666,password:777，执行结果为:失败
[ERROR     ] 2023-06-14 19:33:44 auth服务loginByUsername传入:username:666,password:777，执行结果为:失败
[ERROR     ] 2023-06-14 19:33:44 auth服务loginByUsername传入:username:666,password:777，执行结果为:失败
[ERROR     ] 2023-06-14 19:33:44 auth服务loginByUsername传入:username:666,password:777，执行结果为:失败
[ERROR     ] 2023-06-14 19:33:44 auth服务loginByUsername传入:username:666,password:777，执行结果为:失败
[ERROR     ] 2023-06-14 19:33:44 auth服务loginByUsername传入:username:666,password:777，执行结果为:失败
[ERROR     ] 2023-06-14 19:33:44 auth服务loginByUsername传入:username:666,password:777，执行结果为:失败
[ERROR     ] 2023-06-14 19:33:44 auth服务loginByUsername传入:username:666,password:777，执行结果为:失败
[ERROR     ] 2023-06-14 19:33:44 auth服务loginByUsername传入:username:666,password:777，执行结果为:失败
[ERROR     ] 2023-06-14 19:33:44 auth服务loginByUsername传入:username:666,password:777，执行结果为:失败
[ERROR     ] 2023-06-14 19:33:44 auth服务loginByUsername传入:username:666,password:777，执行结果为:失败
[ERROR     ] 2023-06-14 19:33:44 auth服务loginByUsername传入:username:666,password:777，执行结果为:失败
[ERROR     ] 2023-06-14 19:33:44 auth服务loginByUsername传入:username:666,password:777，执行结果为:失败
[ERROR     ] 2023-06-14 19:33:44 auth服务loginByUsername传入:username:666,password:777，执行结果为:失败
[ERROR     ] 2023-06-14 19:33:44 auth服务loginByUsername传入:username:666,password:777，执行结果为:失败
[ERROR     ] 2023-06-14 19:33:44 auth服务loginByUsername传入:username:666,password:777，执行结果为:失败
[ERROR     ] 2023-06-14 19:33:44 auth服务loginByUsername传入:username:666,password:777，执行结果为:失败
[ERROR     ] 2023-06-14 19:33:44 auth服务loginByUsername传入:username:666,password:777，执行结果为:失败
[ERROR     ] 2023-06-14 19:33:44 auth服务loginByUsername传入:username:666,password:777，执行结果为:失败
[ERROR     ] 2023-06-14 19:33:44 auth服务loginByUsername传入:username:666,password:777，执行结果为:失败
[ERROR     ] 2023-06-14 19:33:44 auth服务loginByUsername传入:username:666,password:777，执行结果为:失败
[ERROR     ] 2023-06-14 19:33:44 auth服务loginByUsername传入:username:666,password:777，执行结果为:失败
[ERROR     ] 2023-06-14 19:33:44 auth服务loginByUsername传入:username:666,password:777，执行结果为:失败
[ERROR     ] 2023-06-14 19:33:44 auth服务loginByUsername传入:username:666,password:777，执行结果为:失败
[ERROR     ] 2023-06-14 19:33:44 auth服务loginByUsername传入:username:666,password:777，执行结果为:失败
[ERROR     ] 2023-06-14 19:33:44 auth服务loginByUsername传入:username:666,password:777，执行结果为:失败
[ERROR     ] 2023-06-14 19:33:44 auth服务loginByUsername传入:username:666,password:777，执行结果为:失败
[ERROR     ] 2023-06-14 19:33:44 auth服务loginByUsername传入:username:666,password:777，执行结果为:失败
[ERROR     ] 2023-06-14 19:33:44 auth服务loginByUsername传入:username:666,password:777，执行结果为:失败
[ERROR     ] 2023-06-14 19:33:44 auth服务loginByUsername传入:username:666,password:777，执行结果为:失败
[ERROR     ] 2023-06-14 19:33:44 auth服务loginByUsername传入:username:666,password:777，执行结果为:失败
[ERROR     ] 2023-06-14 19:33:44 auth服务loginByUsername传入:username:666,password:777，执行结果为:失败
[ERROR     ] 2023-06-14 19:33:44 auth服务loginByUsername传入:username:666,password:777，执行结果为:失败
[ERROR     ] 2023-06-14 19:33:44 auth服务loginByUsername传入:username:666,password:777，执行结果为:失败
[ERROR     ] 2023-06-14 19:33:44 auth服务loginByUsername传入:username:666,password:777，执行结果为:失败
[ERROR     ] 2023-06-14 19:33:44 auth服务loginByUsername传入:username:666,password:777，执行结果为:失败
[ERROR     ] 2023-06-14 19:33:44 auth服务loginByUsername传入:username:666,password:777，执行结果为:失败
[ERROR     ] 2023-06-14 19:33:44 auth服务loginByUsername传入:username:666,password:777，执行结果为:失败
[ERROR     ] 2023-06-14 19:33:44 auth服务loginByUsername传入:username:666,password:777，执行结果为:失败
[ERROR     ] 2023-06-14 19:33:44 auth服务loginByUsername传入:username:666,password:777，执行结果为:失败
[ERROR     ] 2023-06-14 19:33:44 auth服务loginByUsername传入:username:666,password:777，执行结果为:失败
[ERROR     ] 2023-06-14 19:33:44 auth服务loginByUsername传入:username:666,password:777，执行结果为:失败
[ERROR     ] 2023-06-14 19:33:44 auth服务loginByUsername传入:username:666,password:777，执行结果为:失败
[ERROR     ] 2023-06-14 19:33:44 auth服务loginByUsername传入:username:666,password:777，执行结果为:失败
[ERROR     ] 2023-06-14 19:33:44 auth服务loginByUsername传入:username:666,password:777，执行结果为:失败
[ERROR     ] 2023-06-14 19:33:44 auth服务loginByUsername传入:username:666,password:777，执行结果为:失败
[ERROR     ] 2023-06-14 19:33:44 auth服务loginByUsername传入:username:666,password:777，执行结果为:失败
[ERROR     ] 2023-06-14 19:33:44 auth服务loginByUsername传入:username:666,password:777，执行结果为:失败
[ERROR     ] 2023-06-14 19:33:44 auth服务loginByUsername传入:username:666,password:777，执行结果为:失败
[ERROR     ] 2023-06-14 19:33:44 auth服务loginByUsername传入:username:666,password:777，执行结果为:失败
[ERROR     ] 2023-06-14 19:33:44 auth服务loginByUsername传入:username:666,password:777，执行结果为:失败
[ERROR     ] 2023-06-14 19:33:44 auth服务loginByUsername传入:username:666,password:777，执行结果为:失败
[ERROR     ] 2023-06-14 19:33:44 auth服务loginByUsername传入:username:666,password:777，执行结果为:失败
[ERROR     ] 2023-06-14 19:33:44 auth服务loginByUsername传入:username:666,password:777，执行结果为:失败
[ERROR     ] 2023-06-14 19:33:44 auth服务loginByUsername传入:username:666,password:777，执行结果为:失败
[ERROR     ] 2023-06-14 19:33:44 auth服务loginByUsername传入:username:666,password:777，执行结果为:失败
[ERROR     ] 2023-06-14 19:33:44 auth服务loginByUsername传入:username:666,password:777，执行结果为:失败
[ERROR     ] 2023-06-14 19:33:44 auth服务loginByUsername传入:username:666,password:777，执行结果为:失败
[ERROR     ] 2023-06-14 19:33:44 auth服务loginByUsername传入:username:666,password:777，执行结果为:失败
[ERROR     ] 2023-06-14 19:33:44 auth服务loginByUsername传入:username:666,password:777，执行结果为:失败
[ERROR     ] 2023-06-14 19:33:44 auth服务loginByUsername传入:username:666,password:777，执行结果为:失败
[ERROR     ] 2023-06-14 19:33:44 auth服务loginByUsername传入:username:666,password:777，执行结果为:失败
[ERROR     ] 2023-06-14 19:33:44 auth服务loginByUsername传入:username:666,password:777，执行结果为:失败
[ERROR     ] 2023-06-14 19:33:44 auth服务loginByUsername传入:username:666,password:777，执行结果为:失败
[ERROR     ] 2023-06-14 19:33:44 auth服务loginByUsername传入:username:666,password:777，执行结果为:失败
[ERROR     ] 2023-06-14 19:33:44 auth服务loginByUsername传入:username:666,password:777，执行结果为:失败
[ERROR     ] 2023-06-14 19:33:44 auth服务loginByUsername传入:username:666,password:777，执行结果为:失败
[ERROR     ] 2023-06-14 19:33:44 auth服务loginByUsername传入:username:666,password:777，执行结果为:失败
[ERROR     ] 2023-06-14 19:33:44 auth服务loginByUsername传入:username:666,password:777，执行结果为:失败
[ERROR     ] 2023-06-14 19:33:44 auth服务loginByUsername传入:username:666,password:777，执行结果为:失败
[ERROR     ] 2023-06-14 19:33:44 auth服务loginByUsername传入:username:666,password:777，执行结果为:失败
[ERROR     ] 2023-06-14 19:33:44 auth服务loginByUsername传入:username:666,password:777，执行结果为:失败
[ERROR     ] 2023-06-14 19:33:44 auth服务loginByUsername传入:username:666,password:777，执行结果为:失败
[ERROR     ] 2023-06-14 19:33:44 auth服务loginByUsername传入:username:666,password:777，执行结果为:失败
[ERROR     ] 2023-06-14 19:33:44 auth服务loginByUsername传入:username:666,password:777，执行结果为:失败
[ERROR     ] 2023-06-14 19:33:44 auth服务loginByUsername传入:username:666,password:777，执行结果为:失败
[ERROR     ] 2023-06-14 19:33:44 auth服务loginByUsername传入:username:666,password:777，执行结果为:失败
[ERROR     ] 2023-06-14 19:33:44 auth服务loginByUsername传入:username:666,password:777，执行结果为:失败
[ERROR     ] 2023-06-14 19:33:44 auth服务loginByUsername传入:username:666,password:777，执行结果为:失败
[ERROR     ] 2023-06-14 19:33:44 auth服务loginByUsername传入:username:666,password:777，执行结果为:失败
[ERROR     ] 2023-06-14 19:33:44 auth服务loginByUsername传入:username:666,password:777，执行结果为:失败
[ERROR     ] 2023-06-14 19:33:44 auth服务loginByUsername传入:username:666,password:777，执行结果为:失败
[ERROR     ] 2023-06-14 19:33:44 auth服务loginByUsername传入:username:666,password:777，执行结果为:失败
[ERROR     ] 2023-06-14 19:33:44 auth服务loginByUsername传入:username:666,password:777，执行结果为:失败
[ERROR     ] 2023-06-14 19:33:44 auth服务loginByUsername传入:username:666,password:777，执行结果为:失败
[ERROR     ] 2023-06-14 19:33:44 auth服务loginByUsername传入:username:666,password:777，执行结果为:失败
[ERROR     ] 2023-06-14 19:33:44 auth服务loginByUsername传入:username:666,password:777，执行结果为:失败
[ERROR     ] 2023-06-14 19:33:44 auth服务loginByUsername传入:username:666,password:777，执行结果为:失败
[ERROR     ] 2023-06-14 19:33:44 auth服务loginByUsername传入:username:666,password:777，执行结果为:失败
[ERROR     ] 2023-06-14 19:33:44 auth服务loginByUsername传入:username:666,password:777，执行结果为:失败
[ERROR     ] 2023-06-14 19:33:44 auth服务loginByUsername传入:username:666,password:777，执行结果为:失败
[ERROR     ] 2023-06-14 19:33:44 auth服务loginByUsername传入:username:666,password:777，执行结果为:失败
[ERROR     ] 2023-06-14 19:33:44 auth服务loginByUsername传入:username:666,password:777，执行结果为:失败
[ERROR     ] 2023-06-14 19:33:44 auth服务loginByUsername传入:username:666,password:777，执行结果为:失败
[ERROR     ] 2023-06-14 19:33:44 auth服务loginByUsername传入:username:666,password:777，执行结果为:失败
[ERROR     ] 2023-06-14 19:33:44 auth服务loginByUsername传入:username:666,password:777，执行结果为:失败
[ERROR     ] 2023-06-14 19:33:44 auth服务loginByUsername传入:username:666,password:777，执行结果为:失败
[ERROR     ] 2023-06-14 19:33:44 auth服务loginByUsername传入:username:666,password:777，执行结果为:失败
[ERROR     ] 2023-06-14 19:33:44 auth服务loginByUsername传入:username:666,password:777，执行结果为:失败
[ERROR     ] 2023-06-14 19:33:44 auth服务loginByUsername传入:username:666,password:777，执行结果为:失败
[ERROR     ] 2023-06-14 19:33:44 auth服务loginByUsername传入:username:666,password:777，执行结果为:失败
[ERROR     ] 2023-06-14 19:33:44 auth服务loginByUsername传入:username:666,password:777，执行结果为:失败
[ERROR     ] 2023-06-14 19:33:44 auth服务loginByUsername传入:username:666,password:777，执行结果为:失败
[ERROR     ] 2023-06-14 19:33:44 auth服务loginByUsername传入:username:666,password:777，执行结果为:失败
[ERROR     ] 2023-06-14 19:33:44 auth服务loginByUsername传入:username:666,password:777，执行结果为:失败
[ERROR     ] 2023-06-14 19:33:44 auth服务loginByUsername传入:username:666,password:777，执行结果为:失败
[ERROR     ] 2023-06-14 19:33:44 auth服务loginByUsername传入:username:666,password:777，执行结果为:失败
[ERROR     ] 2023-06-14 19:33:44 auth服务loginByUsername传入:username:666,password:777，执行结果为:失败
[ERROR     ] 2023-06-14 19:33:44 auth服务loginByUsername传入:username:666,password:777，执行结果为:失败
[ERROR     ] 2023-06-14 19:33:44 auth服务loginByUsername传入:username:666,password:777，执行结果为:失败
[ERROR     ] 2023-06-14 19:33:44 auth服务loginByUsername传入:username:666,password:777，执行结果为:失败
[ERROR     ] 2023-06-14 19:33:44 auth服务loginByUsername传入:username:666,password:777，执行结果为:失败
[ERROR     ] 2023-06-14 19:33:44 auth服务loginByUsername传入:username:666,password:777，执行结果为:失败
[ERROR     ] 2023-06-14 19:33:44 auth服务loginByUsername传入:username:666,password:777，执行结果为:失败
[ERROR     ] 2023-06-14 19:33:44 auth服务loginByUsername传入:username:666,password:777，执行结果为:失败
[ERROR     ] 2023-06-14 19:33:44 auth服务loginByUsername传入:username:666,password:777，执行结果为:失败
[ERROR     ] 2023-06-14 19:33:44 auth服务loginByUsername传入:username:666,password:777，执行结果为:失败
[ERROR     ] 2023-06-14 19:33:44 auth服务loginByUsername传入:username:666,password:777，执行结果为:失败
[ERROR     ] 2023-06-14 19:33:44 auth服务loginByUsername传入:username:666,password:777，执行结果为:失败
[ERROR     ] 2023-06-14 19:33:44 auth服务loginByUsername传入:username:666,password:777，执行结果为:失败
[ERROR     ] 2023-06-14 19:33:44 auth服务loginByUsername传入:username:666,password:777，执行结果为:失败
[ERROR     ] 2023-06-14 19:33:44 auth服务loginByUsername传入:username:666,password:777，执行结果为:失败
[ERROR     ] 2023-06-14 19:33:44 auth服务loginByUsername传入:username:666,password:777，执行结果为:失败
[ERROR     ] 2023-06-14 19:33:44 auth服务loginByUsername传入:username:666,password:777，执行结果为:失败
[ERROR     ] 2023-06-14 19:33:44 auth服务loginByUsername传入:username:666,password:777，执行结果为:失败
[ERROR     ] 2023-06-14 19:33:44 auth服务loginByUsername传入:username:666,password:777，执行结果为:失败
[ERROR     ] 2023-06-14 19:33:44 auth服务loginByUsername传入:username:666,password:777，执行结果为:失败
[ERROR     ] 2023-06-14 19:33:44 auth服务loginByUsername传入:username:666,password:777，执行结果为:失败
[ERROR     ] 2023-06-14 19:33:44 auth服务loginByUsername传入:username:666,password:777，执行结果为:失败
[ERROR     ] 2023-06-14 19:33:44 auth服务loginByUsername传入:username:666,password:777，执行结果为:失败
[ERROR     ] 2023-06-14 19:33:44 auth服务loginByUsername传入:username:666,password:777，执行结果为:失败
[ERROR     ] 2023-06-14 19:33:44 auth服务loginByUsername传入:username:666,password:777，执行结果为:失败
[ERROR     ] 2023-06-14 19:33:44 auth服务loginByUsername传入:username:666,password:777，执行结果为:失败
[ERROR     ] 2023-06-14 19:33:44 auth服务loginByUsername传入:username:666,password:777，执行结果为:失败
[ERROR     ] 2023-06-14 19:33:44 auth服务loginByUsername传入:username:666,password:777，执行结果为:失败
[ERROR     ] 2023-06-14 19:33:44 auth服务loginByUsername传入:username:666,password:777，执行结果为:失败
[ERROR     ] 2023-06-14 19:33:44 auth服务loginByUsername传入:username:666,password:777，执行结果为:失败
[ERROR     ] 2023-06-14 19:33:44 auth服务loginByUsername传入:username:666,password:777，执行结果为:失败
[ERROR     ] 2023-06-14 19:33:44 auth服务loginByUsername传入:username:666,password:777，执行结果为:失败
[ERROR     ] 2023-06-14 19:33:44 auth服务loginByUsername传入:username:666,password:777，执行结果为:失败
[ERROR     ] 2023-06-14 19:33:44 auth服务loginByUsername传入:username:666,password:777，执行结果为:失败
[ERROR     ] 2023-06-14 19:33:44 auth服务loginByUsername传入:username:666,password:777，执行结果为:失败
[ERROR     ] 2023-06-14 19:33:44 auth服务loginByUsername传入:username:666,password:777，执行结果为:失败
[ERROR     ] 2023-06-14 19:33:44 auth服务loginByUsername传入:username:666,password:777，执行结果为:失败
[ERROR     ] 2023-06-14 19:33:44 auth服务loginByUsername传入:username:666,password:777，执行结果为:失败
[ERROR     ] 2023-06-14 19:33:44 auth服务loginByUsername传入:username:666,password:777，执行结果为:失败
[ERROR     ] 2023-06-14 19:33:44 auth服务loginByUsername传入:username:666,password:777，执行结果为:失败
[ERROR     ] 2023-06-14 19:33:44 auth服务loginByUsername传入:username:666,password:777，执行结果为:失败
[ERROR     ] 2023-06-14 19:33:44 auth服务loginByUsername传入:username:666,password:777，执行结果为:失败
[ERROR     ] 2023-06-14 19:33:44 auth服务loginByUsername传入:username:666,password:777，执行结果为:失败
[ERROR     ] 2023-06-14 19:33:44 auth服务loginByUsername传入:username:666,password:777，执行结果为:失败
[ERROR     ] 2023-06-14 19:33:44 auth服务loginByUsername传入:username:666,password:777，执行结果为:失败
[ERROR     ] 2023-06-14 19:33:44 auth服务loginByUsername传入:username:666,password:777，执行结果为:失败
[ERROR     ] 2023-06-14 19:33:44 auth服务loginByUsername传入:username:666,password:777，执行结果为:失败
[ERROR     ] 2023-06-14 19:33:44 auth服务loginByUsername传入:username:666,password:777，执行结果为:失败
[ERROR     ] 2023-06-14 19:33:44 auth服务loginByUsername传入:username:666,password:777，执行结果为:失败
[ERROR     ] 2023-06-14 19:33:44 auth服务loginByUsername传入:username:666,password:777，执行结果为:失败
[ERROR     ] 2023-06-14 19:33:44 auth服务loginByUsername传入:username:666,password:777，执行结果为:失败
[ERROR     ] 2023-06-14 19:33:44 auth服务loginByUsername传入:username:666,password:777，执行结果为:失败
[ERROR     ] 2023-06-14 19:33:44 auth服务loginByUsername传入:username:666,password:777，执行结果为:失败
[ERROR     ] 2023-06-14 19:33:44 auth服务loginByUsername传入:username:666,password:777，执行结果为:失败
[ERROR     ] 2023-06-14 19:33:44 auth服务loginByUsername传入:username:666,password:777，执行结果为:失败
[ERROR     ] 2023-06-14 19:33:44 auth服务loginByUsername传入:username:666,password:777，执行结果为:失败
[ERROR     ] 2023-06-14 19:33:44 auth服务loginByUsername传入:username:666,password:777，执行结果为:失败
[ERROR     ] 2023-06-14 19:33:44 auth服务loginByUsername传入:username:666,password:777，执行结果为:失败
[ERROR     ] 2023-06-14 19:33:44 auth服务loginByUsername传入:username:666,password:777，执行结果为:失败
[ERROR     ] 2023-06-14 19:33:44 auth服务loginByUsername传入:username:666,password:777，执行结果为:失败
[ERROR     ] 2023-06-14 19:33:44 auth服务loginByUsername传入:username:666,password:777，执行结果为:失败
[ERROR     ] 2023-06-14 19:33:44 auth服务loginByUsername传入:username:666,password:777，执行结果为:失败
[ERROR     ] 2023-06-14 19:33:44 auth服务loginByUsername传入:username:666,password:777，执行结果为:失败
[ERROR     ] 2023-06-14 19:33:44 auth服务loginByUsername传入:username:666,password:777，执行结果为:失败
[ERROR     ] 2023-06-14 19:33:44 auth服务loginByUsername传入:username:666,password:777，执行结果为:失败
[ERROR     ] 2023-06-14 19:33:44 auth服务loginByUsername传入:username:666,password:777，执行结果为:失败
[ERROR     ] 2023-06-14 19:33:44 auth服务loginByUsername传入:username:666,password:777，执行结果为:失败
[ERROR     ] 2023-06-14 19:33:44 auth服务loginByUsername传入:username:666,password:777，执行结果为:失败
[ERROR     ] 2023-06-14 19:33:44 auth服务loginByUsername传入:username:666,password:777，执行结果为:失败
[ERROR     ] 2023-06-14 19:33:44 auth服务loginByUsername传入:username:666,password:777，执行结果为:失败
[ERROR     ] 2023-06-14 19:33:44 auth服务loginByUsername传入:username:666,password:777，执行结果为:失败
[ERROR     ] 2023-06-14 19:33:44 auth服务loginByUsername传入:username:666,password:777，执行结果为:失败
[ERROR     ] 2023-06-14 19:33:44 auth服务loginByUsername传入:username:666,password:777，执行结果为:失败
[ERROR     ] 2023-06-14 19:33:44 auth服务loginByUsername传入:username:666,password:777，执行结果为:失败
[ERROR     ] 2023-06-14 19:33:44 auth服务loginByUsername传入:username:666,password:777，执行结果为:失败
[ERROR     ] 2023-06-14 19:33:44 auth服务loginByUsername传入:username:666,password:777，执行结果为:失败
[ERROR     ] 2023-06-14 19:33:44 auth服务loginByUsername传入:username:666,password:777，执行结果为:失败
[ERROR     ] 2023-06-14 19:33:44 auth服务loginByUsername传入:username:666,password:777，执行结果为:失败
[ERROR     ] 2023-06-14 19:33:44 auth服务loginByUsername传入:username:666,password:777，执行结果为:失败
[ERROR     ] 2023-06-14 19:33:44 auth服务loginByUsername传入:username:666,password:777，执行结果为:失败
[ERROR     ] 2023-06-14 19:33:44 auth服务loginByUsername传入:username:666,password:777，执行结果为:失败
[ERROR     ] 2023-06-14 19:33:44 auth服务loginByUsername传入:username:666,password:777，执行结果为:失败
[ERROR     ] 2023-06-14 19:33:44 auth服务loginByUsername传入:username:666,password:777，执行结果为:失败
[ERROR     ] 2023-06-14 19:33:44 auth服务loginByUsername传入:username:666,password:777，执行结果为:失败
[ERROR     ] 2023-06-14 19:33:44 auth服务loginByUsername传入:username:666,password:777，执行结果为:失败
[ERROR     ] 2023-06-14 19:33:44 auth服务loginByUsername传入:username:666,password:777，执行结果为:失败
[ERROR     ] 2023-06-14 19:33:44 auth服务loginByUsername传入:username:666,password:777，执行结果为:失败
[ERROR     ] 2023-06-14 19:33:44 auth服务loginByUsername传入:username:666,password:777，执行结果为:失败
[ERROR     ] 2023-06-14 19:33:44 auth服务loginByUsername传入:username:666,password:777，执行结果为:失败
[ERROR     ] 2023-06-14 19:33:44 auth服务loginByUsername传入:username:666,password:777，执行结果为:失败
[ERROR     ] 2023-06-14 19:33:44 auth服务loginByUsername传入:username:666,password:777，执行结果为:失败
[ERROR     ] 2023-06-14 19:33:44 auth服务loginByUsername传入:username:666,password:777，执行结果为:失败
[ERROR     ] 2023-06-14 19:33:44 auth服务loginByUsername传入:username:666,password:777，执行结果为:失败
[ERROR     ] 2023-06-14 19:33:44 auth服务loginByUsername传入:username:666,password:777，执行结果为:失败
[ERROR     ] 2023-06-14 19:33:44 auth服务loginByUsername传入:username:666,password:777，执行结果为:失败
[ERROR     ] 2023-06-14 19:33:44 auth服务loginByUsername传入:username:666,password:777，执行结果为:失败
[ERROR     ] 2023-06-14 19:33:44 auth服务loginByUsername传入:username:666,password:777，执行结果为:失败
[ERROR     ] 2023-06-14 19:33:44 auth服务loginByUsername传入:username:666,password:777，执行结果为:失败
[ERROR     ] 2023-06-14 19:33:44 auth服务loginByUsername传入:username:666,password:777，执行结果为:失败
[ERROR     ] 2023-06-14 19:33:44 auth服务loginByUsername传入:username:666,password:777，执行结果为:失败
[ERROR     ] 2023-06-14 19:33:44 auth服务loginByUsername传入:username:666,password:777，执行结果为:失败
[ERROR     ] 2023-06-14 19:33:44 auth服务loginByUsername传入:username:666,password:777，执行结果为:失败
[ERROR     ] 2023-06-14 19:33:44 auth服务loginByUsername传入:username:666,password:777，执行结果为:失败
[ERROR     ] 2023-06-14 19:33:44 auth服务loginByUsername传入:username:666,password:777，执行结果为:失败
[ERROR     ] 2023-06-14 19:33:44 auth服务loginByUsername传入:username:666,password:777，执行结果为:失败
[ERROR     ] 2023-06-14 19:33:44 auth服务loginByUsername传入:username:666,password:777，执行结果为:失败
[ERROR     ] 2023-06-14 19:33:44 auth服务loginByUsername传入:username:666,password:777，执行结果为:失败
[ERROR     ] 2023-06-14 19:33:44 auth服务loginByUsername传入:username:666,password:777，执行结果为:失败
[ERROR     ] 2023-06-14 19:33:44 auth服务loginByUsername传入:username:666,password:777，执行结果为:失败
[ERROR     ] 2023-06-14 19:33:44 auth服务loginByUsername传入:username:666,password:777，执行结果为:失败
[ERROR     ] 2023-06-14 19:33:44 auth服务loginByUsername传入:username:666,password:777，执行结果为:失败
[ERROR     ] 2023-06-14 19:33:44 auth服务loginByUsername传入:username:666,password:777，执行结果为:失败
[ERROR     ] 2023-06-14 19:33:44 auth服务loginByUsername传入:username:666,password:777，执行结果为:失败
[ERROR     ] 2023-06-14 19:33:44 auth服务loginByUsername传入:username:666,password:777，执行结果为:失败
[ERROR     ] 2023-06-14 19:33:44 auth服务loginByUsername传入:username:666,password:777，执行结果为:失败
[ERROR     ] 2023-06-14 19:33:44 auth服务loginByUsername传入:username:666,password:777，执行结果为:失败
[ERROR     ] 2023-06-14 19:33:44 auth服务loginByUsername传入:username:666,password:777，执行结果为:失败
[ERROR     ] 2023-06-14 19:33:44 auth服务loginByUsername传入:username:666,password:777，执行结果为:失败
[ERROR     ] 2023-06-14 19:33:44 auth服务loginByUsername传入:username:666,password:777，执行结果为:失败
[ERROR     ] 2023-06-14 19:33:44 auth服务loginByUsername传入:username:666,password:777，执行结果为:失败
[ERROR     ] 2023-06-14 19:33:44 auth服务loginByUsername传入:username:666,password:777，执行结果为:失败
[ERROR     ] 2023-06-14 19:33:44 auth服务loginByUsername传入:username:666,password:777，执行结果为:失败
[ERROR     ] 2023-06-14 19:33:44 auth服务loginByUsername传入:username:666,password:777，执行结果为:失败
[ERROR     ] 2023-06-14 19:33:44 auth服务loginByUsername传入:username:666,password:777，执行结果为:失败
[ERROR     ] 2023-06-14 19:33:44 auth服务loginByUsername传入:username:666,password:777，执行结果为:失败
[ERROR     ] 2023-06-14 19:33:44 auth服务loginByUsername传入:username:666,password:777，执行结果为:失败
[ERROR     ] 2023-06-14 19:33:44 auth服务loginByUsername传入:username:666,password:777，执行结果为:失败
[ERROR     ] 2023-06-14 19:33:44 auth服务loginByUsername传入:username:666,password:777，执行结果为:失败
[ERROR     ] 2023-06-14 19:33:44 auth服务loginByUsername传入:username:666,password:777，执行结果为:失败
[ERROR     ] 2023-06-14 19:33:44 auth服务loginByUsername传入:username:666,password:777，执行结果为:失败
[ERROR     ] 2023-06-14 19:33:44 auth服务loginByUsername传入:username:666,password:777，执行结果为:失败
[ERROR     ] 2023-06-14 19:33:44 auth服务loginByUsername传入:username:666,password:777，执行结果为:失败
[ERROR     ] 2023-06-14 19:33:44 auth服务loginByUsername传入:username:666,password:777，执行结果为:失败
[ERROR     ] 2023-06-14 19:33:44 auth服务loginByUsername传入:username:666,password:777，执行结果为:失败
[ERROR     ] 2023-06-14 19:33:44 auth服务loginByUsername传入:username:666,password:777，执行结果为:失败
[ERROR     ] 2023-06-14 19:33:44 auth服务loginByUsername传入:username:666,password:777，执行结果为:失败
[ERROR     ] 2023-06-14 19:33:44 auth服务loginByUsername传入:username:666,password:777，执行结果为:失败
[ERROR     ] 2023-06-14 19:33:44 auth服务loginByUsername传入:username:666,password:777，执行结果为:失败
[ERROR     ] 2023-06-14 19:33:44 auth服务loginByUsername传入:username:666,password:777，执行结果为:失败
[ERROR     ] 2023-06-14 19:33:44 auth服务loginByUsername传入:username:666,password:777，执行结果为:失败
[ERROR     ] 2023-06-14 19:33:44 auth服务loginByUsername传入:username:666,password:777，执行结果为:失败
[ERROR     ] 2023-06-14 19:33:44 auth服务loginByUsername传入:username:666,password:777，执行结果为:失败
[ERROR     ] 2023-06-14 19:33:44 auth服务loginByUsername传入:username:666,password:777，执行结果为:失败
[ERROR     ] 2023-06-14 19:33:44 auth服务loginByUsername传入:username:666,password:777，执行结果为:失败
[ERROR     ] 2023-06-14 19:33:44 auth服务loginByUsername传入:username:666,password:777，执行结果为:失败
[ERROR     ] 2023-06-14 19:33:44 auth服务loginByUsername传入:username:666,password:777，执行结果为:失败
[ERROR     ] 2023-06-14 19:33:44 auth服务loginByUsername传入:username:666,password:777，执行结果为:失败
[ERROR     ] 2023-06-14 19:33:44 auth服务loginByUsername传入:username:666,password:777，执行结果为:失败
[ERROR     ] 2023-06-14 19:33:44 auth服务loginByUsername传入:username:666,password:777，执行结果为:失败
[ERROR     ] 2023-06-14 19:33:44 auth服务loginByUsername传入:username:666,password:777，执行结果为:失败
[ERROR     ] 2023-06-14 19:33:44 auth服务loginByUsername传入:username:666,password:777，执行结果为:失败
[ERROR     ] 2023-06-14 19:33:44 auth服务loginByUsername传入:username:666,password:777，执行结果为:失败
[ERROR     ] 2023-06-14 19:33:44 auth服务loginByUsername传入:username:666,password:777，执行结果为:失败
[ERROR     ] 2023-06-14 19:33:44 auth服务loginByUsername传入:username:666,password:777，执行结果为:失败
[ERROR     ] 2023-06-14 19:33:44 auth服务loginByUsername传入:username:666,password:777，执行结果为:失败
[ERROR     ] 2023-06-14 19:33:44 auth服务loginByUsername传入:username:666,password:777，执行结果为:失败
[ERROR     ] 2023-06-14 19:33:44 auth服务loginByUsername传入:username:666,password:777，执行结果为:失败
[ERROR     ] 2023-06-14 19:33:44 auth服务loginByUsername传入:username:666,password:777，执行结果为:失败
[ERROR     ] 2023-06-14 19:33:44 auth服务loginByUsername传入:username:666,password:777，执行结果为:失败
[ERROR     ] 2023-06-14 19:33:44 auth服务loginByUsername传入:username:666,password:777，执行结果为:失败
[ERROR     ] 2023-06-14 19:33:44 auth服务loginByUsername传入:username:666,password:777，执行结果为:失败
[ERROR     ] 2023-06-14 19:33:44 auth服务loginByUsername传入:username:666,password:777，执行结果为:失败
[ERROR     ] 2023-06-14 19:33:44 auth服务loginByUsername传入:username:666,password:777，执行结果为:失败
[ERROR     ] 2023-06-14 19:33:44 auth服务loginByUsername传入:username:666,password:777，执行结果为:失败
[ERROR     ] 2023-06-14 19:33:44 auth服务loginByUsername传入:username:666,password:777，执行结果为:失败
[ERROR     ] 2023-06-14 19:33:44 auth服务loginByUsername传入:username:666,password:777，执行结果为:失败
[ERROR     ] 2023-06-14 19:33:44 auth服务loginByUsername传入:username:666,password:777，执行结果为:失败
[ERROR     ] 2023-06-14 19:33:44 auth服务loginByUsername传入:username:666,password:777，执行结果为:失败
[ERROR     ] 2023-06-14 19:33:44 auth服务loginByUsername传入:username:666,password:777，执行结果为:失败
[ERROR     ] 2023-06-14 19:33:44 auth服务loginByUsername传入:username:666,password:777，执行结果为:失败
[ERROR     ] 2023-06-14 19:33:44 auth服务loginByUsername传入:username:666,password:777，执行结果为:失败
[ERROR     ] 2023-06-14 19:33:44 auth服务loginByUsername传入:username:666,password:777，执行结果为:失败
[ERROR     ] 2023-06-14 19:33:44 auth服务loginByUsername传入:username:666,password:777，执行结果为:失败
[ERROR     ] 2023-06-14 19:33:44 auth服务loginByUsername传入:username:666,password:777，执行结果为:失败
[ERROR     ] 2023-06-14 19:33:44 auth服务loginByUsername传入:username:666,password:777，执行结果为:失败
[ERROR     ] 2023-06-14 19:33:44 auth服务loginByUsername传入:username:666,password:777，执行结果为:失败
[ERROR     ] 2023-06-14 19:33:44 auth服务loginByUsername传入:username:666,password:777，执行结果为:失败
[ERROR     ] 2023-06-14 19:33:44 auth服务loginByUsername传入:username:666,password:777，执行结果为:失败
[ERROR     ] 2023-06-14 19:33:44 auth服务loginByUsername传入:username:666,password:777，执行结果为:失败
[ERROR     ] 2023-06-14 19:33:44 auth服务loginByUsername传入:username:666,password:777，执行结果为:失败
[ERROR     ] 2023-06-14 19:33:44 auth服务loginByUsername传入:username:666,password:777，执行结果为:失败
[ERROR     ] 2023-06-14 19:33:44 auth服务loginByUsername传入:username:666,password:777，执行结果为:失败
[ERROR     ] 2023-06-14 19:33:44 auth服务loginByUsername传入:username:666,password:777，执行结果为:失败
[ERROR     ] 2023-06-14 19:33:44 auth服务loginByUsername传入:username:666,password:777，执行结果为:失败
[ERROR     ] 2023-06-14 19:33:44 auth服务loginByUsername传入:username:666,password:777，执行结果为:失败
[ERROR     ] 2023-06-14 19:33:44 auth服务loginByUsername传入:username:666,password:777，执行结果为:失败
[ERROR     ] 2023-06-14 19:33:44 auth服务loginByUsername传入:username:666,password:777，执行结果为:失败
[ERROR     ] 2023-06-14 19:33:44 auth服务loginByUsername传入:username:666,password:777，执行结果为:失败
[ERROR     ] 2023-06-14 19:33:44 auth服务loginByUsername传入:username:666,password:777，执行结果为:失败
[ERROR     ] 2023-06-14 19:33:44 auth服务loginByUsername传入:username:666,password:777，执行结果为:失败
[ERROR     ] 2023-06-14 19:33:44 auth服务loginByUsername传入:username:666,password:777，执行结果为:失败
[ERROR     ] 2023-06-14 19:33:44 auth服务loginByUsername传入:username:666,password:777，执行结果为:失败
[ERROR     ] 2023-06-14 19:33:44 auth服务loginByUsername传入:username:666,password:777，执行结果为:失败
[ERROR     ] 2023-06-14 19:33:44 auth服务loginByUsername传入:username:666,password:777，执行结果为:失败
[ERROR     ] 2023-06-14 19:33:44 auth服务loginByUsername传入:username:666,password:777，执行结果为:失败
[ERROR     ] 2023-06-14 19:33:44 auth服务loginByUsername传入:username:666,password:777，执行结果为:失败
[ERROR     ] 2023-06-14 19:33:44 auth服务loginByUsername传入:username:666,password:777，执行结果为:失败
[ERROR     ] 2023-06-14 19:33:44 auth服务loginByUsername传入:username:666,password:777，执行结果为:失败
[ERROR     ] 2023-06-14 19:33:44 auth服务loginByUsername传入:username:666,password:777，执行结果为:失败
[ERROR     ] 2023-06-14 19:33:44 auth服务loginByUsername传入:username:666,password:777，执行结果为:失败
[ERROR     ] 2023-06-14 19:33:44 auth服务loginByUsername传入:username:666,password:777，执行结果为:失败
[ERROR     ] 2023-06-14 19:33:44 auth服务loginByUsername传入:username:666,password:777，执行结果为:失败
[ERROR     ] 2023-06-14 19:33:44 auth服务loginByUsername传入:username:666,password:777，执行结果为:失败
[ERROR     ] 2023-06-14 19:33:44 auth服务loginByUsername传入:username:666,password:777，执行结果为:失败
[ERROR     ] 2023-06-14 19:33:44 auth服务loginByUsername传入:username:666,password:777，执行结果为:失败
[ERROR     ] 2023-06-14 19:33:44 auth服务loginByUsername传入:username:666,password:777，执行结果为:失败
[ERROR     ] 2023-06-14 19:33:44 auth服务loginByUsername传入:username:666,password:777，执行结果为:失败
[ERROR     ] 2023-06-14 19:33:44 auth服务loginByUsername传入:username:666,password:777，执行结果为:失败
[ERROR     ] 2023-06-14 19:33:44 auth服务loginByUsername传入:username:666,password:777，执行结果为:失败
[ERROR     ] 2023-06-14 19:33:44 auth服务loginByUsername传入:username:666,password:777，执行结果为:失败
[ERROR     ] 2023-06-14 19:33:44 auth服务loginByUsername传入:username:666,password:777，执行结果为:失败
[ERROR     ] 2023-06-14 19:33:44 auth服务loginByUsername传入:username:666,password:777，执行结果为:失败
[ERROR     ] 2023-06-14 19:33:44 auth服务loginByUsername传入:username:666,password:777，执行结果为:失败
[ERROR     ] 2023-06-14 19:33:44 auth服务loginByUsername传入:username:666,password:777，执行结果为:失败
[ERROR     ] 2023-06-14 19:33:44 auth服务loginByUsername传入:username:666,password:777，执行结果为:失败
[ERROR     ] 2023-06-14 19:33:44 auth服务loginByUsername传入:username:666,password:777，执行结果为:失败
[ERROR     ] 2023-06-14 19:33:44 auth服务loginByUsername传入:username:666,password:777，执行结果为:失败
[ERROR     ] 2023-06-14 19:33:44 auth服务loginByUsername传入:username:666,password:777，执行结果为:失败
[ERROR     ] 2023-06-14 19:33:44 auth服务loginByUsername传入:username:666,password:777，执行结果为:失败
[ERROR     ] 2023-06-14 19:33:44 auth服务loginByUsername传入:username:666,password:777，执行结果为:失败
[ERROR     ] 2023-06-14 19:33:44 auth服务loginByUsername传入:username:666,password:777，执行结果为:失败
[ERROR     ] 2023-06-14 19:33:44 auth服务loginByUsername传入:username:666,password:777，执行结果为:失败
[ERROR     ] 2023-06-14 19:33:44 auth服务loginByUsername传入:username:666,password:777，执行结果为:失败
[ERROR     ] 2023-06-14 19:33:44 auth服务loginByUsername传入:username:666,password:777，执行结果为:失败
[ERROR     ] 2023-06-14 19:33:44 auth服务loginByUsername传入:username:666,password:777，执行结果为:失败
[ERROR     ] 2023-06-14 19:33:44 auth服务loginByUsername传入:username:666,password:777，执行结果为:失败
[ERROR     ] 2023-06-14 19:33:44 auth服务loginByUsername传入:username:666,password:777，执行结果为:失败
[ERROR     ] 2023-06-14 19:33:44 auth服务loginByUsername传入:username:666,password:777，执行结果为:失败
[ERROR     ] 2023-06-14 19:33:44 auth服务loginByUsername传入:username:666,password:777，执行结果为:失败
[ERROR     ] 2023-06-14 19:33:44 auth服务loginByUsername传入:username:666,password:777，执行结果为:失败
[ERROR     ] 2023-06-14 19:33:44 auth服务loginByUsername传入:username:666,password:777，执行结果为:失败
[ERROR     ] 2023-06-14 19:33:44 auth服务loginByUsername传入:username:666,password:777，执行结果为:失败
[ERROR     ] 2023-06-14 19:33:44 auth服务loginByUsername传入:username:666,password:777，执行结果为:失败
[ERROR     ] 2023-06-14 19:33:44 auth服务loginByUsername传入:username:666,password:777，执行结果为:失败
[ERROR     ] 2023-06-14 19:33:44 auth服务loginByUsername传入:username:666,password:777，执行结果为:失败
[ERROR     ] 2023-06-14 19:33:44 auth服务loginByUsername传入:username:666,password:777，执行结果为:失败
[ERROR     ] 2023-06-14 19:33:44 auth服务loginByUsername传入:username:666,password:777，执行结果为:失败
[ERROR     ] 2023-06-14 19:33:44 auth服务loginByUsername传入:username:666,password:777，执行结果为:失败
[ERROR     ] 2023-06-14 19:33:44 auth服务loginByUsername传入:username:666,password:777，执行结果为:失败
[ERROR     ] 2023-06-14 19:33:44 auth服务loginByUsername传入:username:666,password:777，执行结果为:失败
[ERROR     ] 2023-06-14 19:33:44 auth服务loginByUsername传入:username:666,password:777，执行结果为:失败
[ERROR     ] 2023-06-14 19:33:44 auth服务loginByUsername传入:username:666,password:777，执行结果为:失败
[ERROR     ] 2023-06-14 19:33:44 auth服务loginByUsername传入:username:666,password:777，执行结果为:失败
[ERROR     ] 2023-06-14 19:33:44 auth服务loginByUsername传入:username:666,password:777，执行结果为:失败
[ERROR     ] 2023-06-14 19:33:44 auth服务loginByUsername传入:username:666,password:777，执行结果为:失败
[ERROR     ] 2023-06-14 19:33:44 auth服务loginByUsername传入:username:666,password:777，执行结果为:失败
[ERROR     ] 2023-06-14 19:33:44 auth服务loginByUsername传入:username:666,password:777，执行结果为:失败
[ERROR     ] 2023-06-14 19:33:44 auth服务loginByUsername传入:username:666,password:777，执行结果为:失败
[ERROR     ] 2023-06-14 19:33:44 auth服务loginByUsername传入:username:666,password:777，执行结果为:失败
[ERROR     ] 2023-06-14 19:33:44 auth服务loginByUsername传入:username:666,password:777，执行结果为:失败
[ERROR     ] 2023-06-14 19:33:44 auth服务loginByUsername传入:username:666,password:777，执行结果为:失败
[ERROR     ] 2023-06-14 19:33:44 auth服务loginByUsername传入:username:666,password:777，执行结果为:失败
[ERROR     ] 2023-06-14 19:33:44 auth服务loginByUsername传入:username:666,password:777，执行结果为:失败
[ERROR     ] 2023-06-14 19:33:44 auth服务loginByUsername传入:username:666,password:777，执行结果为:失败
[ERROR     ] 2023-06-14 19:33:44 auth服务loginByUsername传入:username:666,password:777，执行结果为:失败
[ERROR     ] 2023-06-14 19:33:44 auth服务loginByUsername传入:username:666,password:777，执行结果为:失败
[ERROR     ] 2023-06-14 19:33:44 auth服务loginByUsername传入:username:666,password:777，执行结果为:失败
[ERROR     ] 2023-06-14 19:33:44 auth服务loginByUsername传入:username:666,password:777，执行结果为:失败
[ERROR     ] 2023-06-14 19:33:44 auth服务loginByUsername传入:username:666,password:777，执行结果为:失败
[ERROR     ] 2023-06-14 19:33:44 auth服务loginByUsername传入:username:666,password:777，执行结果为:失败
[ERROR     ] 2023-06-14 19:33:44 auth服务loginByUsername传入:username:666,password:777，执行结果为:失败
[ERROR     ] 2023-06-14 19:33:44 auth服务loginByUsername传入:username:666,password:777，执行结果为:失败
[ERROR     ] 2023-06-14 19:33:44 auth服务loginByUsername传入:username:666,password:777，执行结果为:失败
[ERROR     ] 2023-06-14 19:33:44 auth服务loginByUsername传入:username:666,password:777，执行结果为:失败
[ERROR     ] 2023-06-14 19:33:44 auth服务loginByUsername传入:username:666,password:777，执行结果为:失败
[ERROR     ] 2023-06-14 19:33:44 auth服务loginByUsername传入:username:666,password:777，执行结果为:失败
[ERROR     ] 2023-06-14 19:33:44 auth服务loginByUsername传入:username:666,password:777，执行结果为:失败
[ERROR     ] 2023-06-14 19:33:44 auth服务loginByUsername传入:username:666,password:777，执行结果为:失败
[ERROR     ] 2023-06-14 19:33:44 auth服务loginByUsername传入:username:666,password:777，执行结果为:失败
[ERROR     ] 2023-06-14 19:33:44 auth服务loginByUsername传入:username:666,password:777，执行结果为:失败
[ERROR     ] 2023-06-14 19:33:44 auth服务loginByUsername传入:username:666,password:777，执行结果为:失败
[ERROR     ] 2023-06-14 19:33:44 auth服务loginByUsername传入:username:666,password:777，执行结果为:失败
[ERROR     ] 2023-06-14 19:33:44 auth服务loginByUsername传入:username:666,password:777，执行结果为:失败
[ERROR     ] 2023-06-14 19:33:44 auth服务loginByUsername传入:username:666,password:777，执行结果为:失败
[ERROR     ] 2023-06-14 19:33:44 auth服务loginByUsername传入:username:666,password:777，执行结果为:失败
[ERROR     ] 2023-06-14 19:33:44 auth服务loginByUsername传入:username:666,password:777，执行结果为:失败
[ERROR     ] 2023-06-14 19:33:44 auth服务loginByUsername传入:username:666,password:777，执行结果为:失败
[ERROR     ] 2023-06-14 19:33:44 auth服务loginByUsername传入:username:666,password:777，执行结果为:失败
[ERROR     ] 2023-06-14 19:33:44 auth服务loginByUsername传入:username:666,password:777，执行结果为:失败
[ERROR     ] 2023-06-14 19:33:44 auth服务loginByUsername传入:username:666,password:777，执行结果为:失败
[ERROR     ] 2023-06-14 19:33:44 auth服务loginByUsername传入:username:666,password:777，执行结果为:失败
[ERROR     ] 2023-06-14 19:33:44 auth服务loginByUsername传入:username:666,password:777，执行结果为:失败
[ERROR     ] 2023-06-14 19:33:44 auth服务loginByUsername传入:username:666,password:777，执行结果为:失败
[ERROR     ] 2023-06-14 19:33:44 auth服务loginByUsername传入:username:666,password:777，执行结果为:失败
[ERROR     ] 2023-06-14 19:33:44 auth服务loginByUsername传入:username:666,password:777，执行结果为:失败
[ERROR     ] 2023-06-14 19:33:44 auth服务loginByUsername传入:username:666,password:777，执行结果为:失败
[ERROR     ] 2023-06-14 19:33:44 auth服务loginByUsername传入:username:666,password:777，执行结果为:失败
[ERROR     ] 2023-06-14 19:33:44 auth服务loginByUsername传入:username:666,password:777，执行结果为:失败
[ERROR     ] 2023-06-14 19:33:44 auth服务loginByUsername传入:username:666,password:777，执行结果为:失败
[ERROR     ] 2023-06-14 19:33:44 auth服务loginByUsername传入:username:666,password:777，执行结果为:失败
[ERROR     ] 2023-06-14 19:33:44 auth服务loginByUsername传入:username:666,password:777，执行结果为:失败
[ERROR     ] 2023-06-14 19:33:44 auth服务loginByUsername传入:username:666,password:777，执行结果为:失败
[ERROR     ] 2023-06-14 19:33:44 auth服务loginByUsername传入:username:666,password:777，执行结果为:失败
[ERROR     ] 2023-06-14 19:33:44 auth服务loginByUsername传入:username:666,password:777，执行结果为:失败
[ERROR     ] 2023-06-14 19:33:44 auth服务loginByUsername传入:username:666,password:777，执行结果为:失败
[ERROR     ] 2023-06-14 19:33:44 auth服务loginByUsername传入:username:666,password:777，执行结果为:失败
[ERROR     ] 2023-06-14 19:33:44 auth服务loginByUsername传入:username:666,password:777，执行结果为:失败
[ERROR     ] 2023-06-14 19:33:44 auth服务loginByUsername传入:username:666,password:777，执行结果为:失败
[ERROR     ] 2023-06-14 19:33:44 auth服务loginByUsername传入:username:666,password:777，执行结果为:失败
[ERROR     ] 2023-06-14 19:33:44 auth服务loginByUsername传入:username:666,password:777，执行结果为:失败
[ERROR     ] 2023-06-14 19:33:44 auth服务loginByUsername传入:username:666,password:777，执行结果为:失败
[ERROR     ] 2023-06-14 19:33:44 auth服务loginByUsername传入:username:666,password:777，执行结果为:失败
[ERROR     ] 2023-06-14 19:33:44 auth服务loginByUsername传入:username:666,password:777，执行结果为:失败
[ERROR     ] 2023-06-14 19:33:44 auth服务loginByUsername传入:username:666,password:777，执行结果为:失败
[ERROR     ] 2023-06-14 19:33:44 auth服务loginByUsername传入:username:666,password:777，执行结果为:失败
[ERROR     ] 2023-06-14 19:33:44 auth服务loginByUsername传入:username:666,password:777，执行结果为:失败
[ERROR     ] 2023-06-14 19:33:44 auth服务loginByUsername传入:username:666,password:777，执行结果为:失败
[ERROR     ] 2023-06-14 19:33:44 auth服务loginByUsername传入:username:666,password:777，执行结果为:失败
[ERROR     ] 2023-06-14 19:33:44 auth服务loginByUsername传入:username:666,password:777，执行结果为:失败
[ERROR     ] 2023-06-14 19:33:44 auth服务loginByUsername传入:username:666,password:777，执行结果为:失败
[ERROR     ] 2023-06-14 19:33:44 auth服务loginByUsername传入:username:666,password:777，执行结果为:失败
[ERROR     ] 2023-06-14 19:33:44 auth服务loginByUsername传入:username:666,password:777，执行结果为:失败
[ERROR     ] 2023-06-14 19:33:44 auth服务loginByUsername传入:username:666,password:777，执行结果为:失败
[ERROR     ] 2023-06-14 19:33:44 auth服务loginByUsername传入:username:666,password:777，执行结果为:失败
[ERROR     ] 2023-06-14 19:33:44 auth服务loginByUsername传入:username:666,password:777，执行结果为:失败
[ERROR     ] 2023-06-14 19:33:44 auth服务loginByUsername传入:username:666,password:777，执行结果为:失败
[ERROR     ] 2023-06-14 19:33:44 auth服务loginByUsername传入:username:666,password:777，执行结果为:失败
[ERROR     ] 2023-06-14 19:33:44 auth服务loginByUsername传入:username:666,password:777，执行结果为:失败
[ERROR     ] 2023-06-14 19:33:44 auth服务loginByUsername传入:username:666,password:777，执行结果为:失败
[ERROR     ] 2023-06-14 19:33:45 auth服务loginByUsername传入:username:666,password:777，执行结果为:失败
[ERROR     ] 2023-06-14 19:33:45 auth服务loginByUsername传入:username:666,password:777，执行结果为:失败
[ERROR     ] 2023-06-14 19:33:45 auth服务loginByUsername传入:username:666,password:777，执行结果为:失败
[ERROR     ] 2023-06-14 19:33:45 auth服务loginByUsername传入:username:666,password:777，执行结果为:失败
[ERROR     ] 2023-06-14 19:33:45 auth服务loginByUsername传入:username:666,password:777，执行结果为:失败
[ERROR     ] 2023-06-14 19:33:45 auth服务loginByUsername传入:username:666,password:777，执行结果为:失败
[ERROR     ] 2023-06-14 19:33:45 auth服务loginByUsername传入:username:666,password:777，执行结果为:失败
[ERROR     ] 2023-06-14 19:33:45 auth服务loginByUsername传入:username:666,password:777，执行结果为:失败
[ERROR     ] 2023-06-14 19:33:45 auth服务loginByUsername传入:username:666,password:777，执行结果为:失败
[ERROR     ] 2023-06-14 19:33:45 auth服务loginByUsername传入:username:666,password:777，执行结果为:失败
[ERROR     ] 2023-06-14 19:33:45 auth服务loginByUsername传入:username:666,password:777，执行结果为:失败
[ERROR     ] 2023-06-14 19:33:45 auth服务loginByUsername传入:username:666,password:777，执行结果为:失败
[ERROR     ] 2023-06-14 19:33:45 auth服务loginByUsername传入:username:666,password:777，执行结果为:失败
[ERROR     ] 2023-06-14 19:33:45 auth服务loginByUsername传入:username:666,password:777，执行结果为:失败
[ERROR     ] 2023-06-14 19:33:45 auth服务loginByUsername传入:username:666,password:777，执行结果为:失败
[ERROR     ] 2023-06-14 19:33:45 auth服务loginByUsername传入:username:666,password:777，执行结果为:失败
[ERROR     ] 2023-06-14 19:33:45 auth服务loginByUsername传入:username:666,password:777，执行结果为:失败
[ERROR     ] 2023-06-14 19:33:45 auth服务loginByUsername传入:username:666,password:777，执行结果为:失败
[ERROR     ] 2023-06-14 19:33:45 auth服务loginByUsername传入:username:666,password:777，执行结果为:失败
[ERROR     ] 2023-06-14 19:33:45 auth服务loginByUsername传入:username:666,password:777，执行结果为:失败
[ERROR     ] 2023-06-14 19:33:45 auth服务loginByUsername传入:username:666,password:777，执行结果为:失败
[ERROR     ] 2023-06-14 19:33:45 auth服务loginByUsername传入:username:666,password:777，执行结果为:失败
[ERROR     ] 2023-06-14 19:33:45 auth服务loginByUsername传入:username:666,password:777，执行结果为:失败
[ERROR     ] 2023-06-14 19:33:45 auth服务loginByUsername传入:username:666,password:777，执行结果为:失败
[ERROR     ] 2023-06-14 19:33:45 auth服务loginByUsername传入:username:666,password:777，执行结果为:失败
[ERROR     ] 2023-06-14 19:33:45 auth服务loginByUsername传入:username:666,password:777，执行结果为:失败
[ERROR     ] 2023-06-14 19:33:45 auth服务loginByUsername传入:username:666,password:777，执行结果为:失败
[ERROR     ] 2023-06-14 19:33:45 auth服务loginByUsername传入:username:666,password:777，执行结果为:失败
[ERROR     ] 2023-06-14 19:33:45 auth服务loginByUsername传入:username:666,password:777，执行结果为:失败
[ERROR     ] 2023-06-14 19:33:45 auth服务loginByUsername传入:username:666,password:777，执行结果为:失败
[ERROR     ] 2023-06-14 19:33:45 auth服务loginByUsername传入:username:666,password:777，执行结果为:失败
[ERROR     ] 2023-06-14 19:33:45 auth服务loginByUsername传入:username:666,password:777，执行结果为:失败
[ERROR     ] 2023-06-14 19:33:45 auth服务loginByUsername传入:username:666,password:777，执行结果为:失败
[ERROR     ] 2023-06-14 19:33:45 auth服务loginByUsername传入:username:666,password:777，执行结果为:失败
[ERROR     ] 2023-06-14 19:33:45 auth服务loginByUsername传入:username:666,password:777，执行结果为:失败
[ERROR     ] 2023-06-14 19:33:45 auth服务loginByUsername传入:username:666,password:777，执行结果为:失败
[ERROR     ] 2023-06-14 19:33:45 auth服务loginByUsername传入:username:666,password:777，执行结果为:失败
[ERROR     ] 2023-06-14 19:33:45 auth服务loginByUsername传入:username:666,password:777，执行结果为:失败
[ERROR     ] 2023-06-14 19:33:45 auth服务loginByUsername传入:username:666,password:777，执行结果为:失败
[ERROR     ] 2023-06-14 19:33:45 auth服务loginByUsername传入:username:666,password:777，执行结果为:失败
[ERROR     ] 2023-06-14 19:33:45 auth服务loginByUsername传入:username:666,password:777，执行结果为:失败
[ERROR     ] 2023-06-14 19:33:45 auth服务loginByUsername传入:username:666,password:777，执行结果为:失败
[ERROR     ] 2023-06-14 19:33:45 auth服务loginByUsername传入:username:666,password:777，执行结果为:失败
[ERROR     ] 2023-06-14 19:33:45 auth服务loginByUsername传入:username:666,password:777，执行结果为:失败
[ERROR     ] 2023-06-14 19:33:45 auth服务loginByUsername传入:username:666,password:777，执行结果为:失败
[ERROR     ] 2023-06-14 19:33:45 auth服务loginByUsername传入:username:666,password:777，执行结果为:失败
[ERROR     ] 2023-06-14 19:33:45 auth服务loginByUsername传入:username:666,password:777，执行结果为:失败
[ERROR     ] 2023-06-14 19:33:45 auth服务loginByUsername传入:username:666,password:777，执行结果为:失败
[ERROR     ] 2023-06-14 19:33:45 auth服务loginByUsername传入:username:666,password:777，执行结果为:失败
[ERROR     ] 2023-06-14 19:33:45 auth服务loginByUsername传入:username:666,password:777，执行结果为:失败
[ERROR     ] 2023-06-14 19:33:45 auth服务loginByUsername传入:username:666,password:777，执行结果为:失败
[ERROR     ] 2023-06-14 19:33:45 auth服务loginByUsername传入:username:666,password:777，执行结果为:失败
[ERROR     ] 2023-06-14 19:33:45 auth服务loginByUsername传入:username:666,password:777，执行结果为:失败
[ERROR     ] 2023-06-14 19:33:45 auth服务loginByUsername传入:username:666,password:777，执行结果为:失败
[ERROR     ] 2023-06-14 19:33:45 auth服务loginByUsername传入:username:666,password:777，执行结果为:失败
[ERROR     ] 2023-06-14 19:33:45 auth服务loginByUsername传入:username:666,password:777，执行结果为:失败
[ERROR     ] 2023-06-14 19:33:45 auth服务loginByUsername传入:username:666,password:777，执行结果为:失败
[ERROR     ] 2023-06-14 19:33:45 auth服务loginByUsername传入:username:666,password:777，执行结果为:失败
[ERROR     ] 2023-06-14 19:33:45 auth服务loginByUsername传入:username:666,password:777，执行结果为:失败
[ERROR     ] 2023-06-14 19:33:45 auth服务loginByUsername传入:username:666,password:777，执行结果为:失败
[ERROR     ] 2023-06-14 19:33:45 auth服务loginByUsername传入:username:666,password:777，执行结果为:失败
[ERROR     ] 2023-06-14 19:33:45 auth服务loginByUsername传入:username:666,password:777，执行结果为:失败
[ERROR     ] 2023-06-14 19:33:45 auth服务loginByUsername传入:username:666,password:777，执行结果为:失败
[ERROR     ] 2023-06-14 19:33:45 auth服务loginByUsername传入:username:666,password:777，执行结果为:失败
[ERROR     ] 2023-06-14 19:33:45 auth服务loginByUsername传入:username:666,password:777，执行结果为:失败
[ERROR     ] 2023-06-14 19:33:45 auth服务loginByUsername传入:username:666,password:777，执行结果为:失败
[ERROR     ] 2023-06-14 19:33:45 auth服务loginByUsername传入:username:666,password:777，执行结果为:失败
[ERROR     ] 2023-06-14 19:33:45 auth服务loginByUsername传入:username:666,password:777，执行结果为:失败
[ERROR     ] 2023-06-14 19:33:45 auth服务loginByUsername传入:username:666,password:777，执行结果为:失败
[ERROR     ] 2023-06-14 19:33:45 auth服务loginByUsername传入:username:666,password:777，执行结果为:失败
[ERROR     ] 2023-06-14 19:33:45 auth服务loginByUsername传入:username:666,password:777，执行结果为:失败
[ERROR     ] 2023-06-14 19:33:45 auth服务loginByUsername传入:username:666,password:777，执行结果为:失败
[ERROR     ] 2023-06-14 19:33:45 auth服务loginByUsername传入:username:666,password:777，执行结果为:失败
[ERROR     ] 2023-06-14 19:33:45 auth服务loginByUsername传入:username:666,password:777，执行结果为:失败
[ERROR     ] 2023-06-14 19:33:45 auth服务loginByUsername传入:username:666,password:777，执行结果为:失败
[ERROR     ] 2023-06-14 19:33:45 auth服务loginByUsername传入:username:666,password:777，执行结果为:失败
[ERROR     ] 2023-06-14 19:33:45 auth服务loginByUsername传入:username:666,password:777，执行结果为:失败
[ERROR     ] 2023-06-14 19:33:45 auth服务loginByUsername传入:username:666,password:777，执行结果为:失败
[ERROR     ] 2023-06-14 19:33:45 auth服务loginByUsername传入:username:666,password:777，执行结果为:失败
[ERROR     ] 2023-06-14 19:33:45 auth服务loginByUsername传入:username:666,password:777，执行结果为:失败
[ERROR     ] 2023-06-14 19:33:45 auth服务loginByUsername传入:username:666,password:777，执行结果为:失败
[ERROR     ] 2023-06-14 19:33:45 auth服务loginByUsername传入:username:666,password:777，执行结果为:失败
[ERROR     ] 2023-06-14 19:33:45 auth服务loginByUsername传入:username:666,password:777，执行结果为:失败
[ERROR     ] 2023-06-14 19:33:45 auth服务loginByUsername传入:username:666,password:777，执行结果为:失败
[ERROR     ] 2023-06-14 19:33:45 auth服务loginByUsername传入:username:666,password:777，执行结果为:失败
[ERROR     ] 2023-06-14 19:33:45 auth服务loginByUsername传入:username:666,password:777，执行结果为:失败
[ERROR     ] 2023-06-14 19:33:45 auth服务loginByUsername传入:username:666,password:777，执行结果为:失败
[ERROR     ] 2023-06-14 19:33:45 auth服务loginByUsername传入:username:666,password:777，执行结果为:失败
[ERROR     ] 2023-06-14 19:33:45 auth服务loginByUsername传入:username:666,password:777，执行结果为:失败
[ERROR     ] 2023-06-14 19:33:45 auth服务loginByUsername传入:username:666,password:777，执行结果为:失败
[ERROR     ] 2023-06-14 19:33:45 auth服务loginByUsername传入:username:666,password:777，执行结果为:失败
[ERROR     ] 2023-06-14 19:33:45 auth服务loginByUsername传入:username:666,password:777，执行结果为:失败
[ERROR     ] 2023-06-14 19:33:45 auth服务loginByUsername传入:username:666,password:777，执行结果为:失败
[ERROR     ] 2023-06-14 19:33:45 auth服务loginByUsername传入:username:666,password:777，执行结果为:失败
[ERROR     ] 2023-06-14 19:33:45 auth服务loginByUsername传入:username:666,password:777，执行结果为:失败
[ERROR     ] 2023-06-14 19:33:45 auth服务loginByUsername传入:username:666,password:777，执行结果为:失败
[ERROR     ] 2023-06-14 19:33:45 auth服务loginByUsername传入:username:666,password:777，执行结果为:失败
[ERROR     ] 2023-06-14 19:33:45 auth服务loginByUsername传入:username:666,password:777，执行结果为:失败
[ERROR     ] 2023-06-14 19:33:45 auth服务loginByUsername传入:username:666,password:777，执行结果为:失败
[ERROR     ] 2023-06-14 19:33:45 auth服务loginByUsername传入:username:666,password:777，执行结果为:失败
[ERROR     ] 2023-06-14 19:33:45 auth服务loginByUsername传入:username:666,password:777，执行结果为:失败
[ERROR     ] 2023-06-14 19:33:45 auth服务loginByUsername传入:username:666,password:777，执行结果为:失败
[ERROR     ] 2023-06-14 19:33:45 auth服务loginByUsername传入:username:666,password:777，执行结果为:失败
[ERROR     ] 2023-06-14 19:33:45 auth服务loginByUsername传入:username:666,password:777，执行结果为:失败
[ERROR     ] 2023-06-14 19:33:45 auth服务loginByUsername传入:username:666,password:777，执行结果为:失败
[ERROR     ] 2023-06-14 19:33:45 auth服务loginByUsername传入:username:666,password:777，执行结果为:失败
[ERROR     ] 2023-06-14 19:33:45 auth服务loginByUsername传入:username:666,password:777，执行结果为:失败
[ERROR     ] 2023-06-14 19:33:45 auth服务loginByUsername传入:username:666,password:777，执行结果为:失败
[ERROR     ] 2023-06-14 19:33:45 auth服务loginByUsername传入:username:666,password:777，执行结果为:失败
[ERROR     ] 2023-06-14 19:33:45 auth服务loginByUsername传入:username:666,password:777，执行结果为:失败
[ERROR     ] 2023-06-14 19:33:45 auth服务loginByUsername传入:username:666,password:777，执行结果为:失败
[ERROR     ] 2023-06-14 19:33:45 auth服务loginByUsername传入:username:666,password:777，执行结果为:失败
[ERROR     ] 2023-06-14 19:33:45 auth服务loginByUsername传入:username:666,password:777，执行结果为:失败
[ERROR     ] 2023-06-14 19:33:45 auth服务loginByUsername传入:username:666,password:777，执行结果为:失败
[ERROR     ] 2023-06-14 19:33:45 auth服务loginByUsername传入:username:666,password:777，执行结果为:失败
[ERROR     ] 2023-06-14 19:33:45 auth服务loginByUsername传入:username:666,password:777，执行结果为:失败
[ERROR     ] 2023-06-14 19:33:45 auth服务loginByUsername传入:username:666,password:777，执行结果为:失败
[ERROR     ] 2023-06-14 19:33:45 auth服务loginByUsername传入:username:666,password:777，执行结果为:失败
[ERROR     ] 2023-06-14 19:33:45 auth服务loginByUsername传入:username:666,password:777，执行结果为:失败
[ERROR     ] 2023-06-14 19:33:45 auth服务loginByUsername传入:username:666,password:777，执行结果为:失败
[ERROR     ] 2023-06-14 19:33:45 auth服务loginByUsername传入:username:666,password:777，执行结果为:失败
[ERROR     ] 2023-06-14 19:33:45 auth服务loginByUsername传入:username:666,password:777，执行结果为:失败
[ERROR     ] 2023-06-14 19:33:45 auth服务loginByUsername传入:username:666,password:777，执行结果为:失败
[ERROR     ] 2023-06-14 19:33:45 auth服务loginByUsername传入:username:666,password:777，执行结果为:失败
[ERROR     ] 2023-06-14 19:33:45 auth服务loginByUsername传入:username:666,password:777，执行结果为:失败
[ERROR     ] 2023-06-14 19:33:45 auth服务loginByUsername传入:username:666,password:777，执行结果为:失败
[ERROR     ] 2023-06-14 19:33:45 auth服务loginByUsername传入:username:666,password:777，执行结果为:失败
[ERROR     ] 2023-06-14 19:33:45 auth服务loginByUsername传入:username:666,password:777，执行结果为:失败
[ERROR     ] 2023-06-14 19:33:45 auth服务loginByUsername传入:username:666,password:777，执行结果为:失败
[ERROR     ] 2023-06-14 19:33:45 auth服务loginByUsername传入:username:666,password:777，执行结果为:失败
[ERROR     ] 2023-06-14 19:33:45 auth服务loginByUsername传入:username:666,password:777，执行结果为:失败
[ERROR     ] 2023-06-14 19:33:45 auth服务loginByUsername传入:username:666,password:777，执行结果为:失败
[ERROR     ] 2023-06-14 19:33:45 auth服务loginByUsername传入:username:666,password:777，执行结果为:失败
[ERROR     ] 2023-06-14 19:33:45 auth服务loginByUsername传入:username:666,password:777，执行结果为:失败
[ERROR     ] 2023-06-14 19:33:45 auth服务loginByUsername传入:username:666,password:777，执行结果为:失败
[ERROR     ] 2023-06-14 19:33:45 auth服务loginByUsername传入:username:666,password:777，执行结果为:失败
[ERROR     ] 2023-06-14 19:33:45 auth服务loginByUsername传入:username:666,password:777，执行结果为:失败
[ERROR     ] 2023-06-14 19:33:45 auth服务loginByUsername传入:username:666,password:777，执行结果为:失败
[ERROR     ] 2023-06-14 19:33:45 auth服务loginByUsername传入:username:666,password:777，执行结果为:失败
[ERROR     ] 2023-06-14 19:33:45 auth服务loginByUsername传入:username:666,password:777，执行结果为:失败
[ERROR     ] 2023-06-14 19:33:45 auth服务loginByUsername传入:username:666,password:777，执行结果为:失败
[ERROR     ] 2023-06-14 19:33:45 auth服务loginByUsername传入:username:666,password:777，执行结果为:失败
[ERROR     ] 2023-06-14 19:33:45 auth服务loginByUsername传入:username:666,password:777，执行结果为:失败
[ERROR     ] 2023-06-14 19:33:45 auth服务loginByUsername传入:username:666,password:777，执行结果为:失败
[ERROR     ] 2023-06-14 19:33:45 auth服务loginByUsername传入:username:666,password:777，执行结果为:失败
[ERROR     ] 2023-06-14 19:33:45 auth服务loginByUsername传入:username:666,password:777，执行结果为:失败
[ERROR     ] 2023-06-14 19:33:45 auth服务loginByUsername传入:username:666,password:777，执行结果为:失败
[ERROR     ] 2023-06-14 19:33:45 auth服务loginByUsername传入:username:666,password:777，执行结果为:失败
[ERROR     ] 2023-06-14 19:33:45 auth服务loginByUsername传入:username:666,password:777，执行结果为:失败
[ERROR     ] 2023-06-14 19:33:45 auth服务loginByUsername传入:username:666,password:777，执行结果为:失败
[ERROR     ] 2023-06-14 19:33:45 auth服务loginByUsername传入:username:666,password:777，执行结果为:失败
[ERROR     ] 2023-06-14 19:33:45 auth服务loginByUsername传入:username:666,password:777，执行结果为:失败
[ERROR     ] 2023-06-14 19:33:45 auth服务loginByUsername传入:username:666,password:777，执行结果为:失败
[ERROR     ] 2023-06-14 19:33:45 auth服务loginByUsername传入:username:666,password:777，执行结果为:失败
[ERROR     ] 2023-06-14 19:33:45 auth服务loginByUsername传入:username:666,password:777，执行结果为:失败
[ERROR     ] 2023-06-14 19:33:45 auth服务loginByUsername传入:username:666,password:777，执行结果为:失败
[ERROR     ] 2023-06-14 19:33:45 auth服务loginByUsername传入:username:666,password:777，执行结果为:失败
[ERROR     ] 2023-06-14 19:33:45 auth服务loginByUsername传入:username:666,password:777，执行结果为:失败
[ERROR     ] 2023-06-14 19:33:45 auth服务loginByUsername传入:username:666,password:777，执行结果为:失败
[ERROR     ] 2023-06-14 19:33:45 auth服务loginByUsername传入:username:666,password:777，执行结果为:失败
[ERROR     ] 2023-06-14 19:33:45 auth服务loginByUsername传入:username:666,password:777，执行结果为:失败
[ERROR     ] 2023-06-14 19:33:45 auth服务loginByUsername传入:username:666,password:777，执行结果为:失败
[ERROR     ] 2023-06-14 19:33:45 auth服务loginByUsername传入:username:666,password:777，执行结果为:失败
[ERROR     ] 2023-06-14 19:33:45 auth服务loginByUsername传入:username:666,password:777，执行结果为:失败
[ERROR     ] 2023-06-14 19:33:45 auth服务loginByUsername传入:username:666,password:777，执行结果为:失败
[ERROR     ] 2023-06-14 19:33:45 auth服务loginByUsername传入:username:666,password:777，执行结果为:失败
[ERROR     ] 2023-06-14 19:33:45 auth服务loginByUsername传入:username:666,password:777，执行结果为:失败
[ERROR     ] 2023-06-14 19:33:45 auth服务loginByUsername传入:username:666,password:777，执行结果为:失败
[ERROR     ] 2023-06-14 19:33:45 auth服务loginByUsername传入:username:666,password:777，执行结果为:失败
[ERROR     ] 2023-06-14 19:33:45 auth服务loginByUsername传入:username:666,password:777，执行结果为:失败
[ERROR     ] 2023-06-14 19:33:45 auth服务loginByUsername传入:username:666,password:777，执行结果为:失败
[ERROR     ] 2023-06-14 19:33:45 auth服务loginByUsername传入:username:666,password:777，执行结果为:失败
[ERROR     ] 2023-06-14 19:33:45 auth服务loginByUsername传入:username:666,password:777，执行结果为:失败
[ERROR     ] 2023-06-14 19:33:45 auth服务loginByUsername传入:username:666,password:777，执行结果为:失败
[ERROR     ] 2023-06-14 19:33:45 auth服务loginByUsername传入:username:666,password:777，执行结果为:失败
[ERROR     ] 2023-06-14 19:33:45 auth服务loginByUsername传入:username:666,password:777，执行结果为:失败
[ERROR     ] 2023-06-14 19:33:45 auth服务loginByUsername传入:username:666,password:777，执行结果为:失败
[ERROR     ] 2023-06-14 19:33:45 auth服务loginByUsername传入:username:666,password:777，执行结果为:失败
[ERROR     ] 2023-06-14 19:33:45 auth服务loginByUsername传入:username:666,password:777，执行结果为:失败
[ERROR     ] 2023-06-14 19:33:45 auth服务loginByUsername传入:username:666,password:777，执行结果为:失败
[ERROR     ] 2023-06-14 19:33:45 auth服务loginByUsername传入:username:666,password:777，执行结果为:失败
[ERROR     ] 2023-06-14 19:33:45 auth服务loginByUsername传入:username:666,password:777，执行结果为:失败
[ERROR     ] 2023-06-14 19:33:45 auth服务loginByUsername传入:username:666,password:777，执行结果为:失败
[ERROR     ] 2023-06-14 19:33:45 auth服务loginByUsername传入:username:666,password:777，执行结果为:失败
[ERROR     ] 2023-06-14 19:33:45 auth服务loginByUsername传入:username:666,password:777，执行结果为:失败
[ERROR     ] 2023-06-14 19:33:45 auth服务loginByUsername传入:username:666,password:777，执行结果为:失败
[ERROR     ] 2023-06-14 19:33:45 auth服务loginByUsername传入:username:666,password:777，执行结果为:失败
[ERROR     ] 2023-06-14 19:33:45 auth服务loginByUsername传入:username:666,password:777，执行结果为:失败
[ERROR     ] 2023-06-14 19:33:45 auth服务loginByUsername传入:username:666,password:777，执行结果为:失败
[ERROR     ] 2023-06-14 19:33:45 auth服务loginByUsername传入:username:666,password:777，执行结果为:失败
[ERROR     ] 2023-06-14 19:33:45 auth服务loginByUsername传入:username:666,password:777，执行结果为:失败
[ERROR     ] 2023-06-14 19:33:45 auth服务loginByUsername传入:username:666,password:777，执行结果为:失败
[ERROR     ] 2023-06-14 19:33:45 auth服务loginByUsername传入:username:666,password:777，执行结果为:失败
[ERROR     ] 2023-06-14 19:33:45 auth服务loginByUsername传入:username:666,password:777，执行结果为:失败
[ERROR     ] 2023-06-14 19:33:45 auth服务loginByUsername传入:username:666,password:777，执行结果为:失败
[ERROR     ] 2023-06-14 19:33:45 auth服务loginByUsername传入:username:666,password:777，执行结果为:失败
[ERROR     ] 2023-06-14 19:33:45 auth服务loginByUsername传入:username:666,password:777，执行结果为:失败
[ERROR     ] 2023-06-14 19:33:45 auth服务loginByUsername传入:username:666,password:777，执行结果为:失败
[ERROR     ] 2023-06-14 19:33:45 auth服务loginByUsername传入:username:666,password:777，执行结果为:失败
[ERROR     ] 2023-06-14 19:33:45 auth服务loginByUsername传入:username:666,password:777，执行结果为:失败
[WARN      ] 2023-06-14 19:35:01 An unexpected connection driver error occurred (Exception message: Connection reset)
[INFO      ] 2023-06-14 19:35:02 Restarting Consumer@52d7ab79: tags=[[amq.ctag-GhSSrOKOPAks5BL_n60Cgg]], channel=Cached Rabbit Channel: AMQChannel(amqp://guest@127.0.0.1:5672/,1), conn: Proxy@6c9a3661 Shared Rabbit Connection: SimpleConnection@13e00016 [delegate=amqp://guest@127.0.0.1:5672/, localPort=57980], acknowledgeMode=AUTO local queue size=0
[INFO      ] 2023-06-14 19:35:02 Attempting to connect to: [127.0.0.1:5672]
[WARN      ] 2023-06-14 19:35:07 Consumer raised exception, processing can restart if the connection factory supports it. Exception summary: org.springframework.amqp.AmqpConnectException: java.net.ConnectException: Connection refused: no further information
[INFO      ] 2023-06-14 19:35:07 Restarting Consumer@c572e5e: tags=[[]], channel=null, acknowledgeMode=AUTO local queue size=0
[INFO      ] 2023-06-14 19:35:07 Attempting to connect to: [127.0.0.1:5672]
[WARN      ] 2023-06-14 19:35:12 Consumer raised exception, processing can restart if the connection factory supports it. Exception summary: org.springframework.amqp.AmqpConnectException: java.net.ConnectException: Connection refused: no further information
[INFO      ] 2023-06-14 19:35:12 Restarting Consumer@7a00196e: tags=[[]], channel=null, acknowledgeMode=AUTO local queue size=0
[INFO      ] 2023-06-14 19:35:12 Attempting to connect to: [127.0.0.1:5672]
[WARN      ] 2023-06-14 19:35:17 Consumer raised exception, processing can restart if the connection factory supports it. Exception summary: org.springframework.amqp.AmqpConnectException: java.net.ConnectException: Connection refused: no further information
[INFO      ] 2023-06-14 19:35:17 Restarting Consumer@dff7d99: tags=[[]], channel=null, acknowledgeMode=AUTO local queue size=0
[INFO      ] 2023-06-14 19:35:17 Attempting to connect to: [127.0.0.1:5672]
[INFO      ] 2023-06-14 19:35:19 Waiting for workers to finish.
[INFO      ] 2023-06-14 19:35:19 Successfully waited for workers to finish.
[INFO      ] 2023-06-14 19:35:19 stopped bean 'inbound.log.logconsumer'
[INFO      ] 2023-06-14 19:35:19 Registering MessageChannel rabbit-768413249.logConsumer-in-0.errors
[INFO      ] 2023-06-14 19:35:19 Channel 'stream.rabbit-768413249.logConsumer-in-0.errors' has 1 subscriber(s).
[INFO      ] 2023-06-14 19:35:19 Removing {logging-channel-adapter:_org.springframework.integration.errorLogger} as a subscriber to the 'errorChannel' channel
[INFO      ] 2023-06-14 19:35:19 Channel 'stream.errorChannel' has 0 subscriber(s).
[INFO      ] 2023-06-14 19:35:19 stopped bean '_org.springframework.integration.errorLogger'
