[INFO      ] 2023-06-27 18:54:06 HV000001: Hibernate Validator 8.0.0.Final
[INFO      ] 2023-06-27 18:54:06 Starting StreamApplication using Java 17.0.6 with PID 7348 (E:\workspace\Lilopop\stream\target\classes started by Administrator in E:\workspace\Lilopop)
[INFO      ] 2023-06-27 18:54:06 No active profile set, falling back to 1 default profile: "default"
[INFO      ] 2023-06-27 18:54:06 No bean named 'errorChannel' has been explicitly defined. Therefore, a default PublishSubscribeChannel will be created.
[INFO      ] 2023-06-27 18:54:06 No bean named 'integrationHeaderChannelRegistry' has been explicitly defined. Therefore, a default DefaultHeaderChannelRegistry will be created.
[INFO      ] 2023-06-27 18:54:07 Bean 'org.springframework.boot.autoconfigure.integration.IntegrationAutoConfiguration$IntegrationJmxConfiguration' of type [org.springframework.boot.autoconfigure.integration.IntegrationAutoConfiguration$IntegrationJmxConfiguration] is not eligible for getting processed by all BeanPostProcessors (for example: not eligible for auto-proxying)
[INFO      ] 2023-06-27 18:54:07 Bean 'org.springframework.cloud.stream.binder.rabbit.config.ExtendedBindingHandlerMappingsProviderConfiguration' of type [org.springframework.cloud.stream.binder.rabbit.config.ExtendedBindingHandlerMappingsProviderConfiguration] is not eligible for getting processed by all BeanPostProcessors (for example: not eligible for auto-proxying)
[INFO      ] 2023-06-27 18:54:07 Bean 'rabbitExtendedPropertiesDefaultMappingsProvider' of type [org.springframework.cloud.stream.binder.rabbit.config.ExtendedBindingHandlerMappingsProviderConfiguration$$Lambda$571/0x0000000800f92778] is not eligible for getting processed by all BeanPostProcessors (for example: not eligible for auto-proxying)
[INFO      ] 2023-06-27 18:54:07 Bean 'BindingHandlerAdvise' of type [org.springframework.cloud.stream.config.BindingHandlerAdvise] is not eligible for getting processed by all BeanPostProcessors (for example: not eligible for auto-proxying)
[INFO      ] 2023-06-27 18:54:07 Bean 'spelConverter' of type [org.springframework.cloud.stream.config.SpelExpressionConverterConfiguration$SpelConverter] is not eligible for getting processed by all BeanPostProcessors (for example: not eligible for auto-proxying)
[INFO      ] 2023-06-27 18:54:07 Bean 'spring.jmx-org.springframework.boot.autoconfigure.jmx.JmxProperties' of type [org.springframework.boot.autoconfigure.jmx.JmxProperties] is not eligible for getting processed by all BeanPostProcessors (for example: not eligible for auto-proxying)
[INFO      ] 2023-06-27 18:54:07 Bean 'org.springframework.boot.autoconfigure.jmx.JmxAutoConfiguration' of type [org.springframework.boot.autoconfigure.jmx.JmxAutoConfiguration] is not eligible for getting processed by all BeanPostProcessors (for example: not eligible for auto-proxying)
[INFO      ] 2023-06-27 18:54:07 Bean 'mbeanServer' of type [com.sun.jmx.mbeanserver.JmxMBeanServer] is not eligible for getting processed by all BeanPostProcessors (for example: not eligible for auto-proxying)
[INFO      ] 2023-06-27 18:54:07 Channel 'stream.logConsumer-in-0' has 1 subscriber(s).
[WARN      ] 2023-06-27 18:54:07 Using deprecated '-debug' fallback for parameter name resolution. Compile the affected code with '-parameters' instead or avoid its introspection: org.springframework.amqp.rabbit.core.RabbitAdmin
[INFO      ] 2023-06-27 18:54:07 Registering MessageChannel errorChannel
[INFO      ] 2023-06-27 18:54:07 Registering MessageChannel logConsumer-in-0
[INFO      ] 2023-06-27 18:54:07 Registering MessageChannel nullChannel
[INFO      ] 2023-06-27 18:54:07 Registering MessageHandler _org.springframework.integration.errorLogger
[INFO      ] 2023-06-27 18:54:07 Adding {logging-channel-adapter:_org.springframework.integration.errorLogger} as a subscriber to the 'errorChannel' channel
[INFO      ] 2023-06-27 18:54:07 Channel 'stream.errorChannel' has 1 subscriber(s).
[INFO      ] 2023-06-27 18:54:07 started bean '_org.springframework.integration.errorLogger'
[INFO      ] 2023-06-27 18:54:07 Netty started on port 9800
[INFO      ] 2023-06-27 18:54:07 Creating binder: rabbit
[INFO      ] 2023-06-27 18:54:07 Constructing binder child context for rabbit
[INFO      ] 2023-06-27 18:54:07 Caching the binder: rabbit
[INFO      ] 2023-06-27 18:54:07 declaring queue for inbound: log.logconsumer, bound to: log
[INFO      ] 2023-06-27 18:54:07 Attempting to connect to: [127.0.0.1:5672]
[INFO      ] 2023-06-27 18:54:07 Created new connection: rabbitConnectionFactory#d13baac:0/SimpleConnection@7b3cbe6e [delegate=amqp://guest@127.0.0.1:5672/, localPort=50320]
[INFO      ] 2023-06-27 18:54:07 Channel 'rabbit-1920134737.logConsumer-in-0.errors' has 1 subscriber(s).
[INFO      ] 2023-06-27 18:54:07 Channel 'rabbit-1920134737.logConsumer-in-0.errors' has 2 subscriber(s).
[INFO      ] 2023-06-27 18:54:07 started bean 'inbound.log.logconsumer'
[INFO      ] 2023-06-27 18:54:07 Started StreamApplication in 1.413 seconds (process running for 1.861)
[INFO      ] 2023-06-27 18:55:15 auth服务class com.auth.service.UserService.listUsernameByPage参数:pageNum:5 pageSize:10 username:Lilopop ，执行结果为:调用
[INFO      ] 2023-06-27 18:55:15 auth服务class com.auth.service.UserService.listUsernameByPage参数:Page 6 of 11 containing com.auth.pojo.base.User instances，执行结果为:成功
[INFO      ] 2023-06-27 18:57:35 auth服务class com.auth.service.UserService.listUsernameByPage参数:pageNum:5 pageSize:10 username:Lilopop ，执行结果为:调用
[INFO      ] 2023-06-27 18:57:35 auth服务class com.auth.service.UserService.listUsernameByPage参数:Page 6 of 11 containing com.auth.pojo.base.User instances，执行结果为:成功
[INFO      ] 2023-06-27 19:07:07 auth服务class com.auth.service.UserDetailService.saveDetail参数:detail:UserDetail{id=null, firstName='Gaston', lastName='Boyer', birthday='1993-03-12', cardNumber='123456789', height=184, weight=209, bloodType='A', hobby='coding', introduce=''} id:4 ，执行结果为:调用
[ERROR     ] 2023-06-27 19:07:07 auth服务class com.auth.service.UserDetailService.saveDetail参数:detail:UserDetail{id=4, firstName='Gaston', lastName='Boyer', birthday='1993-03-12', cardNumber='123456789', height=184, weight=209, bloodType='A', hobby='coding', introduce=''} id:4 ,异常为：org.springframework.dao.InvalidDataAccessApiUsageException: detached entity passed to persist: com.auth.pojo.base.User，执行结果为:失败
[INFO      ] 2023-06-27 19:11:08 auth服务class com.auth.service.UserDetailService.saveDetail参数:detail:UserDetail{id=null, firstName='Wilton', lastName='Nolan', birthday='1993-03-12', cardNumber='123456789', height=184, weight=209, bloodType='A', hobby='coding', introduce=''} id:4 ，执行结果为:调用
[INFO      ] 2023-06-27 19:13:50 auth服务class com.auth.service.UserDetailService.saveDetail参数:detail:UserDetail{id=null, firstName='Mellissa', lastName='Lind', birthday='1993-03-12', cardNumber='123456789', height=184, weight=209, bloodType='A', hobby='coding', introduce=''} id:4 ，执行结果为:调用
[INFO      ] 2023-06-27 19:13:50 auth服务class com.auth.service.UserDetailService.saveDetail参数:无返回值，执行结果为:成功
[INFO      ] 2023-06-27 19:14:47 auth服务class com.auth.service.UserDetailService.saveDetail参数:detail:UserDetail{id=null, firstName='Matilda', lastName='West', birthday='1993-03-12', cardNumber='123456789', height=184, weight=209, bloodType='A', hobby='coding', introduce=''} id:4 ，执行结果为:调用
[ERROR     ] 2023-06-27 19:14:47 auth服务class com.auth.service.UserDetailService.saveDetail参数:detail:UserDetail{id=7, firstName='Matilda', lastName='West', birthday='1993-03-12', cardNumber='123456789', height=184, weight=209, bloodType='A', hobby='coding', introduce=''} id:4 ,异常为：org.springframework.dao.InvalidDataAccessApiUsageException: detached entity passed to persist: com.auth.pojo.base.User，执行结果为:失败
[INFO      ] 2023-06-27 19:19:37 auth服务class com.auth.service.UserDetailService.saveDetail参数:detail:UserDetail{id=null, firstName='Danita', lastName='Durgan', birthday='1993-03-12', cardNumber='123456789', height=184, weight=209, bloodType='A', hobby='coding', introduce=''} id:4 ，执行结果为:调用
[INFO      ] 2023-06-27 19:19:37 auth服务class com.auth.service.UserDetailService.saveDetail参数:无返回值，执行结果为:成功
[INFO      ] 2023-06-27 19:21:01 auth服务class com.auth.service.UserDetailService.saveDetail参数:detail:UserDetail{id=null, firstName='Man', lastName='Boyle', birthday='1993-03-12', cardNumber='123456789', height=184, weight=209, bloodType='A', hobby='coding', introduce=''} id:4 ，执行结果为:调用
[INFO      ] 2023-06-27 19:21:16 auth服务class com.auth.service.UserDetailService.saveDetail参数:无返回值，执行结果为:成功
[INFO      ] 2023-06-27 19:25:29 auth服务class com.auth.service.UserDetailService.saveDetail参数:detail:UserDetail{id=null, firstName='Janel', lastName='Boyer', birthday='1993-03-12', cardNumber='123456789', height=184, weight=209, bloodType='A', hobby='coding', introduce=''} id:4 ，执行结果为:调用
[INFO      ] 2023-06-27 19:25:41 auth服务class com.auth.service.UserDetailService.saveDetail参数:无返回值，执行结果为:成功
[INFO      ] 2023-06-27 19:33:18 auth服务class com.auth.service.UserService.saveUser参数:user:User{id=null, username='robin.moore', password='123456', phone='null', email='null', img=''} ，执行结果为:调用
[INFO      ] 2023-06-27 19:33:18 auth服务class com.auth.service.UserService.saveUser参数:无返回值，执行结果为:成功
[INFO      ] 2023-06-27 20:11:34 auth服务class com.auth.service.UserDetailService.findDetailByUserId参数:id:109 ，执行结果为:调用
[INFO      ] 2023-06-27 20:11:34 auth服务class com.auth.service.UserDetailService.findDetailByUserId参数:DetailVO{id=null, firstName='null', lastName='null', birthday='null', cardNumber='null', height=null, weight=null, bloodType='null', hobby='null', introduce='null', userId=109}，执行结果为:成功
[INFO      ] 2023-06-27 20:12:10 auth服务class com.auth.service.UserDetailService.findDetailByUserId参数:id:109 ，执行结果为:调用
[INFO      ] 2023-06-27 20:12:37 auth服务class com.auth.service.UserDetailService.findDetailByUserId参数:DetailVO{id=null, firstName='null', lastName='null', birthday='null', cardNumber='null', height=null, weight=null, bloodType='null', hobby='null', introduce='null', userId=109}，执行结果为:成功
[INFO      ] 2023-06-27 20:13:08 auth服务class com.auth.service.UserDetailService.findDetailByUserId参数:id:109 ，执行结果为:调用
[ERROR     ] 2023-06-27 20:13:08 auth服务class com.auth.service.UserDetailService.findDetailByUserId参数:id:109 ,异常为：java.lang.ClassCastException: class java.lang.Integer cannot be cast to class com.auth.pojo.base.UserDetail (java.lang.Integer is in module java.base of loader 'bootstrap'; com.auth.pojo.base.UserDetail is in unnamed module of loader 'app')，执行结果为:失败
[INFO      ] 2023-06-27 20:16:31 auth服务class com.auth.service.UserDetailService.findDetailByUserId参数:id:109 ，执行结果为:调用
[INFO      ] 2023-06-27 20:16:37 auth服务class com.auth.service.UserDetailService.findDetailByUserId参数:DetailVO{id=12, firstName='Adelina', lastName='Heller', birthday='1993-03-12', cardNumber='1234567890', height=184, weight=209, bloodType='A', hobby='coding', introduce='', userId=109}，执行结果为:成功
[INFO      ] 2023-06-27 20:18:20 Waiting for workers to finish.
[INFO      ] 2023-06-27 20:18:20 Successfully waited for workers to finish.
[INFO      ] 2023-06-27 20:18:20 stopped bean 'inbound.log.logconsumer'
[INFO      ] 2023-06-27 20:18:20 Registering MessageChannel rabbit-1920134737.logConsumer-in-0.errors
[INFO      ] 2023-06-27 20:18:20 Channel 'stream.rabbit-1920134737.logConsumer-in-0.errors' has 1 subscriber(s).
[INFO      ] 2023-06-27 20:18:20 Removing {logging-channel-adapter:_org.springframework.integration.errorLogger} as a subscriber to the 'errorChannel' channel
[INFO      ] 2023-06-27 20:18:20 Channel 'stream.errorChannel' has 0 subscriber(s).
[INFO      ] 2023-06-27 20:18:20 stopped bean '_org.springframework.integration.errorLogger'
