[INFO      ] 2023-09-12 19:35:15 HV000001: Hibernate Validator 8.0.0.Final
[INFO      ] 2023-09-12 19:35:15 Starting StreamApplication using Java 17.0.6 with PID 9460 (E:\workspace\Lilopop\stream\target\classes started by Administrator in E:\workspace\Lilopop)
[INFO      ] 2023-09-12 19:35:15 No active profile set, falling back to 1 default profile: "default"
[INFO      ] 2023-09-12 19:35:15 No bean named 'errorChannel' has been explicitly defined. Therefore, a default PublishSubscribeChannel will be created.
[INFO      ] 2023-09-12 19:35:15 No bean named 'integrationHeaderChannelRegistry' has been explicitly defined. Therefore, a default DefaultHeaderChannelRegistry will be created.
[INFO      ] 2023-09-12 19:35:16 Bean 'org.springframework.boot.autoconfigure.integration.IntegrationAutoConfiguration$IntegrationJmxConfiguration' of type [org.springframework.boot.autoconfigure.integration.IntegrationAutoConfiguration$IntegrationJmxConfiguration] is not eligible for getting processed by all BeanPostProcessors (for example: not eligible for auto-proxying)
[INFO      ] 2023-09-12 19:35:16 Bean 'org.springframework.cloud.stream.binder.rabbit.config.ExtendedBindingHandlerMappingsProviderConfiguration' of type [org.springframework.cloud.stream.binder.rabbit.config.ExtendedBindingHandlerMappingsProviderConfiguration] is not eligible for getting processed by all BeanPostProcessors (for example: not eligible for auto-proxying)
[INFO      ] 2023-09-12 19:35:16 Bean 'rabbitExtendedPropertiesDefaultMappingsProvider' of type [org.springframework.cloud.stream.binder.rabbit.config.ExtendedBindingHandlerMappingsProviderConfiguration$$Lambda$583/0x0000000800f7ee38] is not eligible for getting processed by all BeanPostProcessors (for example: not eligible for auto-proxying)
[INFO      ] 2023-09-12 19:35:16 Bean 'BindingHandlerAdvise' of type [org.springframework.cloud.stream.config.BindingHandlerAdvise] is not eligible for getting processed by all BeanPostProcessors (for example: not eligible for auto-proxying)
[INFO      ] 2023-09-12 19:35:16 Bean 'spelConverter' of type [org.springframework.cloud.stream.config.SpelExpressionConverterConfiguration$SpelConverter] is not eligible for getting processed by all BeanPostProcessors (for example: not eligible for auto-proxying)
[INFO      ] 2023-09-12 19:35:16 Bean 'spring.jmx-org.springframework.boot.autoconfigure.jmx.JmxProperties' of type [org.springframework.boot.autoconfigure.jmx.JmxProperties] is not eligible for getting processed by all BeanPostProcessors (for example: not eligible for auto-proxying)
[INFO      ] 2023-09-12 19:35:16 Bean 'org.springframework.boot.autoconfigure.jmx.JmxAutoConfiguration' of type [org.springframework.boot.autoconfigure.jmx.JmxAutoConfiguration] is not eligible for getting processed by all BeanPostProcessors (for example: not eligible for auto-proxying)
[INFO      ] 2023-09-12 19:35:16 Bean 'mbeanServer' of type [com.sun.jmx.mbeanserver.JmxMBeanServer] is not eligible for getting processed by all BeanPostProcessors (for example: not eligible for auto-proxying)
[INFO      ] 2023-09-12 19:35:17 Channel 'stream.logConsumer-in-0' has 1 subscriber(s).
[WARN      ] 2023-09-12 19:35:17 Using deprecated '-debug' fallback for parameter name resolution. Compile the affected code with '-parameters' instead or avoid its introspection: org.springframework.amqp.rabbit.core.RabbitAdmin
[INFO      ] 2023-09-12 19:35:17 Registering MessageChannel errorChannel
[INFO      ] 2023-09-12 19:35:17 Registering MessageChannel logConsumer-in-0
[INFO      ] 2023-09-12 19:35:17 Registering MessageChannel nullChannel
[INFO      ] 2023-09-12 19:35:17 Registering MessageHandler _org.springframework.integration.errorLogger
[INFO      ] 2023-09-12 19:35:17 Adding {logging-channel-adapter:_org.springframework.integration.errorLogger} as a subscriber to the 'errorChannel' channel
[INFO      ] 2023-09-12 19:35:17 Channel 'stream.errorChannel' has 1 subscriber(s).
[INFO      ] 2023-09-12 19:35:17 started bean '_org.springframework.integration.errorLogger'
[INFO      ] 2023-09-12 19:35:17 Netty started on port 9800
[INFO      ] 2023-09-12 19:35:17 Creating binder: rabbit
[INFO      ] 2023-09-12 19:35:17 Constructing binder child context for rabbit
[INFO      ] 2023-09-12 19:35:17 Caching the binder: rabbit
[INFO      ] 2023-09-12 19:35:17 declaring queue for inbound: log.logconsumer, bound to: log
[INFO      ] 2023-09-12 19:35:17 Attempting to connect to: [127.0.0.1:5672]
[INFO      ] 2023-09-12 19:35:17 Created new connection: rabbitConnectionFactory#58324c9f:0/SimpleConnection@591f6f83 [delegate=amqp://guest@127.0.0.1:5672/, localPort=59792]
[INFO      ] 2023-09-12 19:35:17 Channel 'rabbit-862090614.logConsumer-in-0.errors' has 1 subscriber(s).
[INFO      ] 2023-09-12 19:35:17 Channel 'rabbit-862090614.logConsumer-in-0.errors' has 2 subscriber(s).
[INFO      ] 2023-09-12 19:35:17 started bean 'inbound.log.logconsumer'
[INFO      ] 2023-09-12 19:35:17 Started StreamApplication in 2.342 seconds (process running for 2.856)
[INFO      ] 2023-09-12 21:10:42 Waiting for workers to finish.
[INFO      ] 2023-09-12 21:10:43 Successfully waited for workers to finish.
[INFO      ] 2023-09-12 21:10:43 stopped bean 'inbound.log.logconsumer'
[INFO      ] 2023-09-12 21:10:43 Registering MessageChannel rabbit-862090614.logConsumer-in-0.errors
[INFO      ] 2023-09-12 21:10:43 Channel 'stream.rabbit-862090614.logConsumer-in-0.errors' has 1 subscriber(s).
[INFO      ] 2023-09-12 21:10:43 Removing {logging-channel-adapter:_org.springframework.integration.errorLogger} as a subscriber to the 'errorChannel' channel
[INFO      ] 2023-09-12 21:10:43 Channel 'stream.errorChannel' has 0 subscriber(s).
[INFO      ] 2023-09-12 21:10:43 stopped bean '_org.springframework.integration.errorLogger'
